#
# There is insufficient memory for the Java Runtime Environment to continue.
# Native memory allocation (malloc) failed to allocate 65552 bytes. Error detail: Chunk::new
# Possible reasons:
#   The system is out of physical RAM or swap space
#   This process is running with CompressedOops enabled, and the Java Heap may be blocking the growth of the native heap
# Possible solutions:
#   Reduce memory load on the system
#   Increase physical memory or swap space
#   Check if swap backing store is full
#   Decrease Java heap size (-Xmx/-Xms)
#   Decrease number of Java threads
#   Decrease Java thread stack sizes (-Xss)
#   Set larger code cache with -XX:ReservedCodeCacheSize=
#   JVM is running with Unscaled Compressed Oops mode in which the Java heap is
#     placed in the first 4GB address space. The Java Heap base address is the
#     maximum limit for the native heap growth. Please use -XX:HeapBaseMinAddress
#     to set the Java Heap base and to place the Java Heap above 4GB virtual address.
# This output file may be truncated or incomplete.
#
#  Out of Memory Error (arena.cpp:168), pid=26712, tid=22304
#
# JRE version: OpenJDK Runtime Environment Temurin-21.0.7+6 (21.0.7+6) (build 21.0.7+6-LTS)
# Java VM: OpenJDK 64-Bit Server VM Temurin-21.0.7+6 (21.0.7+6-LTS, mixed mode, sharing, tiered, compressed oops, compressed class ptrs, parallel gc, windows-amd64)
# No core dump will be written. Minidumps are not enabled by default on client versions of Windows
#

---------------  S U M M A R Y ------------

Command Line: --add-modules=ALL-SYSTEM --add-opens=java.base/java.util=ALL-UNNAMED --add-opens=java.base/java.lang=ALL-UNNAMED --add-opens=java.base/sun.nio.fs=ALL-UNNAMED -Declipse.application=org.eclipse.jdt.ls.core.id1 -Dosgi.bundles.defaultStartLevel=4 -Declipse.product=org.eclipse.jdt.ls.core.product -Djava.import.generatesMetadataFilesAtProjectRoot=false -DDetectVMInstallationsJob.disabled=true -Dfile.encoding=utf8 -XX:+UseParallelGC -XX:GCTimeRatio=4 -XX:AdaptiveSizePolicyWeight=90 -Dsun.zip.disableMemoryMapping=true -Xmx1G -Xms100m -Xlog:disable -javaagent:c:\Users\miguel\.vscode\extensions\redhat.java-1.42.0-win32-x64\lombok\lombok-1.18.36.jar -XX:+HeapDumpOnOutOfMemoryError -XX:HeapDumpPath=c:\Users\miguel\AppData\Roaming\Code\User\workspaceStorage\9fd064cfbecdc862a29664d28eb3d9df\redhat.java -Daether.dependencyCollector.impl=bf c:\Users\miguel\.vscode\extensions\redhat.java-1.42.0-win32-x64\server\plugins\org.eclipse.equinox.launcher_1.7.0.v20250424-1814.jar -configuration c:\Users\miguel\AppData\Roaming\Code\User\globalStorage\redhat.java\1.42.0\config_win -data c:\Users\miguel\AppData\Roaming\Code\User\workspaceStorage\9fd064cfbecdc862a29664d28eb3d9df\redhat.java\jdt_ws --pipe=\\.\pipe\lsp-0227bbd1bf5760ae7f6ee6c48a032543-sock

Host: AMD Ryzen 5 5500U with Radeon Graphics         , 12 cores, 5G,  Windows 11 , 64 bit Build 22621 (10.0.22621.5413)
Time: Mon Jun  2 11:28:05 2025 Hora estándar oeste, Sudamérica elapsed time: 4.042909 seconds (0d 0h 0m 4s)

---------------  T H R E A D  ---------------

Current thread (0x0000010d016c4f50):  JavaThread "C2 CompilerThread1" daemon [_thread_in_native, id=22304, stack(0x000000011ad00000,0x000000011ae00000) (1024K)]


Current CompileTask:
C2:4043 3200       4       java.lang.invoke.MethodType::makeImpl (109 bytes)

Stack: [0x000000011ad00000,0x000000011ae00000]
Native frames: (J=compiled Java code, j=interpreted, Vv=VM code, C=native code)
V  [jvm.dll+0x6ce119]
V  [jvm.dll+0x8a84a1]
V  [jvm.dll+0x8aa9ce]
V  [jvm.dll+0x8ab0b3]
V  [jvm.dll+0x27f8a6]
V  [jvm.dll+0xc507d]
V  [jvm.dll+0xc55b3]
V  [jvm.dll+0xc51a5]
V  [jvm.dll+0x6a96fc]
V  [jvm.dll+0x6f71ef]
V  [jvm.dll+0x6f4f29]
V  [jvm.dll+0x249872]
V  [jvm.dll+0x246fc4]
V  [jvm.dll+0x1c760e]
V  [jvm.dll+0x25695a]
V  [jvm.dll+0x254efa]
V  [jvm.dll+0x3f03f6]
V  [jvm.dll+0x851f6b]
V  [jvm.dll+0x6cc7dd]
C  [ucrtbase.dll+0x29333]
C  [KERNEL32.DLL+0x1259d]
C  [ntdll.dll+0x5af78]


---------------  P R O C E S S  ---------------

Threads class SMR info:
_java_thread_list=0x0000010d06879920, length=23, elements={
0x0000010d29a1b630, 0x0000010d3ddee080, 0x0000010d3ddef0b0, 0x0000010d3ddf0a80,
0x0000010d3ddf1be0, 0x0000010d3ddf3d20, 0x0000010d3ddf4970, 0x0000010d3ddf8840,
0x0000010d3ddfd0b0, 0x0000010d29a86dc0, 0x0000010d006a3690, 0x0000010d016c4f50,
0x0000010d060c50c0, 0x0000010d018a3e20, 0x0000010d0603d260, 0x0000010d01647ff0,
0x0000010d0644b9e0, 0x0000010d067dbac0, 0x0000010d063cbdf0, 0x0000010d063ca3b0,
0x0000010d063c9000, 0x0000010d063cb0d0, 0x0000010d063c9d20
}

Java Threads: ( => current thread )
  0x0000010d29a1b630 JavaThread "main"                              [_thread_blocked, id=21632, stack(0x0000000119900000,0x0000000119a00000) (1024K)]
  0x0000010d3ddee080 JavaThread "Reference Handler"          daemon [_thread_blocked, id=13508, stack(0x0000000119d00000,0x0000000119e00000) (1024K)]
  0x0000010d3ddef0b0 JavaThread "Finalizer"                  daemon [_thread_blocked, id=23424, stack(0x0000000119e00000,0x0000000119f00000) (1024K)]
  0x0000010d3ddf0a80 JavaThread "Signal Dispatcher"          daemon [_thread_blocked, id=21820, stack(0x0000000119f00000,0x000000011a000000) (1024K)]
  0x0000010d3ddf1be0 JavaThread "Attach Listener"            daemon [_thread_blocked, id=26780, stack(0x000000011a000000,0x000000011a100000) (1024K)]
  0x0000010d3ddf3d20 JavaThread "Service Thread"             daemon [_thread_blocked, id=23376, stack(0x000000011a100000,0x000000011a200000) (1024K)]
  0x0000010d3ddf4970 JavaThread "Monitor Deflation Thread"   daemon [_thread_blocked, id=26812, stack(0x000000011a200000,0x000000011a300000) (1024K)]
  0x0000010d3ddf8840 JavaThread "C2 CompilerThread0"         daemon [_thread_blocked, id=26808, stack(0x000000011a300000,0x000000011a400000) (1024K)]
  0x0000010d3ddfd0b0 JavaThread "C1 CompilerThread0"         daemon [_thread_blocked, id=22248, stack(0x000000011a400000,0x000000011a500000) (1024K)]
  0x0000010d29a86dc0 JavaThread "Common-Cleaner"             daemon [_thread_blocked, id=7344, stack(0x000000011a500000,0x000000011a600000) (1024K)]
  0x0000010d006a3690 JavaThread "Notification Thread"        daemon [_thread_blocked, id=23824, stack(0x000000011a600000,0x000000011a700000) (1024K)]
=>0x0000010d016c4f50 JavaThread "C2 CompilerThread1"         daemon [_thread_in_native, id=22304, stack(0x000000011ad00000,0x000000011ae00000) (1024K)]
  0x0000010d060c50c0 JavaThread "Active Thread: Equinox Container: 2a2f63b3-e7fc-4092-98b6-bdb1516ea6db"        [_thread_blocked, id=26804, stack(0x000000011ae00000,0x000000011af00000) (1024K)]
  0x0000010d018a3e20 JavaThread "Refresh Thread: Equinox Container: 2a2f63b3-e7fc-4092-98b6-bdb1516ea6db" daemon [_thread_blocked, id=9420, stack(0x000000011b000000,0x000000011b100000) (1024K)]
  0x0000010d0603d260 JavaThread "Framework Event Dispatcher: Equinox Container: 2a2f63b3-e7fc-4092-98b6-bdb1516ea6db" daemon [_thread_blocked, id=7504, stack(0x000000011b100000,0x000000011b200000) (1024K)]
  0x0000010d01647ff0 JavaThread "Start Level: Equinox Container: 2a2f63b3-e7fc-4092-98b6-bdb1516ea6db" daemon [_thread_in_vm, id=1804, stack(0x000000011b200000,0x000000011b300000) (1024K)]
  0x0000010d0644b9e0 JavaThread "Bundle File Closer"         daemon [_thread_blocked, id=20912, stack(0x000000011b500000,0x000000011b600000) (1024K)]
  0x0000010d067dbac0 JavaThread "SCR Component Actor"        daemon [_thread_blocked, id=21796, stack(0x000000011b600000,0x000000011b700000) (1024K)]
  0x0000010d063cbdf0 JavaThread "SCR Component Registry"     daemon [_thread_blocked, id=17660, stack(0x000000011b700000,0x000000011b800000) (1024K)]
  0x0000010d063ca3b0 JavaThread "Worker-JM"                         [_thread_blocked, id=24276, stack(0x000000011b800000,0x000000011b900000) (1024K)]
  0x0000010d063c9000 JavaThread "JNA Cleaner"                daemon [_thread_blocked, id=16040, stack(0x000000011b900000,0x000000011ba00000) (1024K)]
  0x0000010d063cb0d0 JavaThread "Worker-0: Checking project encoding"        [_thread_blocked, id=26832, stack(0x000000011ba00000,0x000000011bb00000) (1024K)]
  0x0000010d063c9d20 JavaThread "Worker-1"                          [_thread_blocked, id=25732, stack(0x000000011bb00000,0x000000011bc00000) (1024K)]
Total: 23

Other Threads:
  0x0000010d00350d70 VMThread "VM Thread"                           [id=17800, stack(0x0000000119c00000,0x0000000119d00000) (1024K)]
  0x0000010d3dcdca00 WatcherThread "VM Periodic Task Thread"        [id=26976, stack(0x0000000119b00000,0x0000000119c00000) (1024K)]
  0x0000010d29a38880 WorkerThread "GC Thread#0"                     [id=26692, stack(0x0000000119a00000,0x0000000119b00000) (1024K)]
  0x0000010d0135c650 WorkerThread "GC Thread#1"                     [id=26968, stack(0x000000011a700000,0x000000011a800000) (1024K)]
  0x0000010d0135af10 WorkerThread "GC Thread#2"                     [id=11864, stack(0x000000011a800000,0x000000011a900000) (1024K)]
  0x0000010d0135c9f0 WorkerThread "GC Thread#3"                     [id=25488, stack(0x000000011a900000,0x000000011aa00000) (1024K)]
  0x0000010d01687720 WorkerThread "GC Thread#4"                     [id=12724, stack(0x000000011aa00000,0x000000011ab00000) (1024K)]
  0x0000010d0175ce40 WorkerThread "GC Thread#5"                     [id=11876, stack(0x000000011ab00000,0x000000011ac00000) (1024K)]
  0x0000010d01687ac0 WorkerThread "GC Thread#6"                     [id=19708, stack(0x000000011ac00000,0x000000011ad00000) (1024K)]
  0x0000010d061c7f40 WorkerThread "GC Thread#7"                     [id=18396, stack(0x000000011af00000,0x000000011b000000) (1024K)]
  0x0000010d06704010 WorkerThread "GC Thread#8"                     [id=1936, stack(0x000000011b300000,0x000000011b400000) (1024K)]
  0x0000010d019936c0 WorkerThread "GC Thread#9"                     [id=17812, stack(0x000000011b400000,0x000000011b500000) (1024K)]
Total: 12

Threads with active compile tasks:
C2 CompilerThread1  4070 3200       4       java.lang.invoke.MethodType::makeImpl (109 bytes)
Total: 1

VM state: not at safepoint (normal execution)

VM Mutex/Monitor currently owned by a thread: None

Heap address: 0x00000000c0000000, size: 1024 MB, Compressed Oops mode: 32-bit

CDS archive(s) mapped at: [0x0000010d3e000000-0x0000010d3eba0000-0x0000010d3eba0000), size 12189696, SharedBaseAddress: 0x0000010d3e000000, ArchiveRelocationMode: 1.
Compressed class space mapped at: 0x0000010d3f000000-0x0000010d7f000000, reserved size: 1073741824
Narrow klass base: 0x0000010d3e000000, Narrow klass shift: 0, Narrow klass range: 0x100000000

GC Precious Log:
 CardTable entry size: 512
 CPUs: 12 total, 12 available
 Memory: 5989M
 Large Page Support: Disabled
 NUMA Support: Disabled
 Compressed Oops: Enabled (32-bit)
 Alignments: Space 512K, Generation 512K, Heap 2M
 Heap Min Capacity: 100M
 Heap Initial Capacity: 100M
 Heap Max Capacity: 1G
 Pre-touch: Disabled
 Parallel Workers: 10

Heap:
 PSYoungGen      total 29184K, used 17950K [0x00000000eab00000, 0x00000000ecf80000, 0x0000000100000000)
  eden space 25088K, 55% used [0x00000000eab00000,0x00000000eb88d630,0x00000000ec380000)
  from space 4096K, 99% used [0x00000000ec400000,0x00000000ec7fa320,0x00000000ec800000)
  to   space 6144K, 0% used [0x00000000ec980000,0x00000000ec980000,0x00000000ecf80000)
 ParOldGen       total 68608K, used 8740K [0x00000000c0000000, 0x00000000c4300000, 0x00000000eab00000)
  object space 68608K, 12% used [0x00000000c0000000,0x00000000c08891a8,0x00000000c4300000)
 Metaspace       used 17539K, committed 18304K, reserved 1114112K
  class space    used 1779K, committed 2112K, reserved 1048576K

Card table byte_map: [0x0000010d293d0000,0x0000010d295e0000] _byte_map_base: 0x0000010d28dd0000

Marking Bits: (ParMarkBitMap*) 0x00007ff8d3cb31f0
 Begin Bits: [0x0000010d3bc00000, 0x0000010d3cc00000)
 End Bits:   [0x0000010d3cc00000, 0x0000010d3dc00000)

Polling page: 0x0000010d278e0000

Metaspace:

Usage:
  Non-class:     15.39 MB used.
      Class:      1.74 MB used.
       Both:     17.13 MB used.

Virtual space:
  Non-class space:       64.00 MB reserved,      15.81 MB ( 25%) committed,  1 nodes.
      Class space:        1.00 GB reserved,       2.06 MB ( <1%) committed,  1 nodes.
             Both:        1.06 GB reserved,      17.88 MB (  2%) committed. 

Chunk freelists:
   Non-Class:  15.42 MB
       Class:  13.88 MB
        Both:  29.30 MB

MaxMetaspaceSize: unlimited
CompressedClassSpaceSize: 1.00 GB
Initial GC threshold: 21.00 MB
Current GC threshold: 21.00 MB
CDS: on
 - commit_granule_bytes: 65536.
 - commit_granule_words: 8192.
 - virtual_space_node_default_size: 8388608.
 - enlarge_chunks_in_place: 1.
 - use_allocation_guard: 0.


Internal statistics:

num_allocs_failed_limit: 0.
num_arena_births: 554.
num_arena_deaths: 0.
num_vsnodes_births: 2.
num_vsnodes_deaths: 0.
num_space_committed: 286.
num_space_uncommitted: 0.
num_chunks_returned_to_freelist: 0.
num_chunks_taken_from_freelist: 1166.
num_chunk_merges: 0.
num_chunk_splits: 760.
num_chunks_enlarged: 509.
num_inconsistent_stats: 0.

CodeHeap 'non-profiled nmethods': size=120000Kb used=1521Kb max_used=1521Kb free=118478Kb
 bounds [0x0000010d346d0000, 0x0000010d34940000, 0x0000010d3bc00000]
CodeHeap 'profiled nmethods': size=120000Kb used=6580Kb max_used=6580Kb free=113419Kb
 bounds [0x0000010d2cc00000, 0x0000010d2d270000, 0x0000010d34130000]
CodeHeap 'non-nmethods': size=5760Kb used=1278Kb max_used=1300Kb free=4481Kb
 bounds [0x0000010d34130000, 0x0000010d343a0000, 0x0000010d346d0000]
 total_blobs=3838 nmethods=3287 adapters=457
 compilation: enabled
              stopped_count=0, restarted_count=0
 full_count=0

Compilation events (20 events):
Event: 4.035 Thread 0x0000010d3ddfd0b0 3265       3       jdk.internal.org.objectweb.asm.FieldVisitor::<init> (78 bytes)
Event: 4.036 Thread 0x0000010d3ddfd0b0 nmethod 3265 0x0000010d2d268510 code [0x0000010d2d268740, 0x0000010d2d268e98]
Event: 4.036 Thread 0x0000010d3ddfd0b0 3266       1       java.util.concurrent.atomic.AtomicInteger::set (6 bytes)
Event: 4.036 Thread 0x0000010d3ddfd0b0 nmethod 3266 0x0000010d3484a310 code [0x0000010d3484a4a0, 0x0000010d3484a570]
Event: 4.036 Thread 0x0000010d3ddfd0b0 3267       1       org.apache.felix.scr.impl.inject.methods.BaseMethod::getMethodName (5 bytes)
Event: 4.036 Thread 0x0000010d3ddfd0b0 nmethod 3267 0x0000010d3484a610 code [0x0000010d3484a7a0, 0x0000010d3484a868]
Event: 4.037 Thread 0x0000010d3ddfd0b0 3268       1       org.apache.felix.scr.impl.manager.DependencyManager::access$000 (5 bytes)
Event: 4.037 Thread 0x0000010d3ddfd0b0 nmethod 3268 0x0000010d3484a910 code [0x0000010d3484aaa0, 0x0000010d3484ab50]
Event: 4.037 Thread 0x0000010d3ddfd0b0 3269       3       java.util.Collections::unmodifiableMap (22 bytes)
Event: 4.037 Thread 0x0000010d3ddfd0b0 nmethod 3269 0x0000010d2d269190 code [0x0000010d2d269380, 0x0000010d2d2697d0]
Event: 4.037 Thread 0x0000010d3ddfd0b0 3272       3       java.util.Hashtable$Enumerator::hasMoreElements (53 bytes)
Event: 4.037 Thread 0x0000010d3ddfd0b0 nmethod 3272 0x0000010d2d269990 code [0x0000010d2d269b40, 0x0000010d2d269db8]
Event: 4.037 Thread 0x0000010d3ddfd0b0 3270       3       java.util.Collections$UnmodifiableMap::<init> (22 bytes)
Event: 4.037 Thread 0x0000010d3ddfd0b0 nmethod 3270 0x0000010d2d269f10 code [0x0000010d2d26a0c0, 0x0000010d2d26a340]
Event: 4.037 Thread 0x0000010d3ddfd0b0 3274       3       java.util.concurrent.atomic.AtomicBoolean::get (13 bytes)
Event: 4.037 Thread 0x0000010d3ddfd0b0 nmethod 3274 0x0000010d2d26a490 code [0x0000010d2d26a620, 0x0000010d2d26a780]
Event: 4.037 Thread 0x0000010d3ddfd0b0 3273       3       org.eclipse.osgi.internal.serviceregistry.ServiceRegistrationImpl::compareTo (27 bytes)
Event: 4.037 Thread 0x0000010d3ddfd0b0 nmethod 3273 0x0000010d2d26a810 code [0x0000010d2d26aa00, 0x0000010d2d26b008]
Event: 4.037 Thread 0x0000010d3ddfd0b0 3271       3       org.apache.felix.scr.impl.manager.AbstractComponentManager::getState (42 bytes)
Event: 4.038 Thread 0x0000010d3ddfd0b0 nmethod 3271 0x0000010d2d26b190 code [0x0000010d2d26b380, 0x0000010d2d26b908]

GC Heap History (10 events):
Event: 1.002 GC heap before
{Heap before GC invocations=1 (full 0):
 PSYoungGen      total 29696K, used 25600K [0x00000000eab00000, 0x00000000ecc00000, 0x0000000100000000)
  eden space 25600K, 100% used [0x00000000eab00000,0x00000000ec400000,0x00000000ec400000)
  from space 4096K, 0% used [0x00000000ec800000,0x00000000ec800000,0x00000000ecc00000)
  to   space 4096K, 0% used [0x00000000ec400000,0x00000000ec400000,0x00000000ec800000)
 ParOldGen       total 68608K, used 0K [0x00000000c0000000, 0x00000000c4300000, 0x00000000eab00000)
  object space 68608K, 0% used [0x00000000c0000000,0x00000000c0000000,0x00000000c4300000)
 Metaspace       used 4326K, committed 4544K, reserved 1114112K
  class space    used 459K, committed 576K, reserved 1048576K
}
Event: 1.040 GC heap after
{Heap after GC invocations=1 (full 0):
 PSYoungGen      total 29696K, used 3270K [0x00000000eab00000, 0x00000000ecc00000, 0x0000000100000000)
  eden space 25600K, 0% used [0x00000000eab00000,0x00000000eab00000,0x00000000ec400000)
  from space 4096K, 79% used [0x00000000ec400000,0x00000000ec731870,0x00000000ec800000)
  to   space 4096K, 0% used [0x00000000ec800000,0x00000000ec800000,0x00000000ecc00000)
 ParOldGen       total 68608K, used 16K [0x00000000c0000000, 0x00000000c4300000, 0x00000000eab00000)
  object space 68608K, 0% used [0x00000000c0000000,0x00000000c0004000,0x00000000c4300000)
 Metaspace       used 4326K, committed 4544K, reserved 1114112K
  class space    used 459K, committed 576K, reserved 1048576K
}
Event: 1.955 GC heap before
{Heap before GC invocations=2 (full 0):
 PSYoungGen      total 29696K, used 28870K [0x00000000eab00000, 0x00000000ecc00000, 0x0000000100000000)
  eden space 25600K, 100% used [0x00000000eab00000,0x00000000ec400000,0x00000000ec400000)
  from space 4096K, 79% used [0x00000000ec400000,0x00000000ec731870,0x00000000ec800000)
  to   space 4096K, 0% used [0x00000000ec800000,0x00000000ec800000,0x00000000ecc00000)
 ParOldGen       total 68608K, used 16K [0x00000000c0000000, 0x00000000c4300000, 0x00000000eab00000)
  object space 68608K, 0% used [0x00000000c0000000,0x00000000c0004000,0x00000000c4300000)
 Metaspace       used 8029K, committed 8384K, reserved 1114112K
  class space    used 808K, committed 960K, reserved 1048576K
}
Event: 1.964 GC heap after
{Heap after GC invocations=2 (full 0):
 PSYoungGen      total 29696K, used 4068K [0x00000000eab00000, 0x00000000ecc00000, 0x0000000100000000)
  eden space 25600K, 0% used [0x00000000eab00000,0x00000000eab00000,0x00000000ec400000)
  from space 4096K, 99% used [0x00000000ec800000,0x00000000ecbf91f8,0x00000000ecc00000)
  to   space 4096K, 0% used [0x00000000ec400000,0x00000000ec400000,0x00000000ec800000)
 ParOldGen       total 68608K, used 1775K [0x00000000c0000000, 0x00000000c4300000, 0x00000000eab00000)
  object space 68608K, 2% used [0x00000000c0000000,0x00000000c01bbf28,0x00000000c4300000)
 Metaspace       used 8029K, committed 8384K, reserved 1114112K
  class space    used 808K, committed 960K, reserved 1048576K
}
Event: 2.438 GC heap before
{Heap before GC invocations=3 (full 0):
 PSYoungGen      total 29696K, used 29668K [0x00000000eab00000, 0x00000000ecc00000, 0x0000000100000000)
  eden space 25600K, 100% used [0x00000000eab00000,0x00000000ec400000,0x00000000ec400000)
  from space 4096K, 99% used [0x00000000ec800000,0x00000000ecbf91f8,0x00000000ecc00000)
  to   space 4096K, 0% used [0x00000000ec400000,0x00000000ec400000,0x00000000ec800000)
 ParOldGen       total 68608K, used 1775K [0x00000000c0000000, 0x00000000c4300000, 0x00000000eab00000)
  object space 68608K, 2% used [0x00000000c0000000,0x00000000c01bbf28,0x00000000c4300000)
 Metaspace       used 9355K, committed 9728K, reserved 1114112K
  class space    used 968K, committed 1152K, reserved 1048576K
}
Event: 2.447 GC heap after
{Heap after GC invocations=3 (full 0):
 PSYoungGen      total 29696K, used 4087K [0x00000000eab00000, 0x00000000ecc00000, 0x0000000100000000)
  eden space 25600K, 0% used [0x00000000eab00000,0x00000000eab00000,0x00000000ec400000)
  from space 4096K, 99% used [0x00000000ec400000,0x00000000ec7fdc40,0x00000000ec800000)
  to   space 4096K, 0% used [0x00000000ec800000,0x00000000ec800000,0x00000000ecc00000)
 ParOldGen       total 68608K, used 5267K [0x00000000c0000000, 0x00000000c4300000, 0x00000000eab00000)
  object space 68608K, 7% used [0x00000000c0000000,0x00000000c0524c50,0x00000000c4300000)
 Metaspace       used 9355K, committed 9728K, reserved 1114112K
  class space    used 968K, committed 1152K, reserved 1048576K
}
Event: 3.125 GC heap before
{Heap before GC invocations=4 (full 0):
 PSYoungGen      total 29696K, used 29687K [0x00000000eab00000, 0x00000000ecc00000, 0x0000000100000000)
  eden space 25600K, 100% used [0x00000000eab00000,0x00000000ec400000,0x00000000ec400000)
  from space 4096K, 99% used [0x00000000ec400000,0x00000000ec7fdc40,0x00000000ec800000)
  to   space 4096K, 0% used [0x00000000ec800000,0x00000000ec800000,0x00000000ecc00000)
 ParOldGen       total 68608K, used 5267K [0x00000000c0000000, 0x00000000c4300000, 0x00000000eab00000)
  object space 68608K, 7% used [0x00000000c0000000,0x00000000c0524c50,0x00000000c4300000)
 Metaspace       used 12112K, committed 12544K, reserved 1114112K
  class space    used 1251K, committed 1472K, reserved 1048576K
}
Event: 3.132 GC heap after
{Heap after GC invocations=4 (full 0):
 PSYoungGen      total 29696K, used 4080K [0x00000000eab00000, 0x00000000ecc00000, 0x0000000100000000)
  eden space 25600K, 0% used [0x00000000eab00000,0x00000000eab00000,0x00000000ec400000)
  from space 4096K, 99% used [0x00000000ec800000,0x00000000ecbfc3e0,0x00000000ecc00000)
  to   space 4096K, 0% used [0x00000000ec400000,0x00000000ec400000,0x00000000ec800000)
 ParOldGen       total 68608K, used 7197K [0x00000000c0000000, 0x00000000c4300000, 0x00000000eab00000)
  object space 68608K, 10% used [0x00000000c0000000,0x00000000c07076d0,0x00000000c4300000)
 Metaspace       used 12112K, committed 12544K, reserved 1114112K
  class space    used 1251K, committed 1472K, reserved 1048576K
}
Event: 3.718 GC heap before
{Heap before GC invocations=5 (full 0):
 PSYoungGen      total 29696K, used 29680K [0x00000000eab00000, 0x00000000ecc00000, 0x0000000100000000)
  eden space 25600K, 100% used [0x00000000eab00000,0x00000000ec400000,0x00000000ec400000)
  from space 4096K, 99% used [0x00000000ec800000,0x00000000ecbfc3e0,0x00000000ecc00000)
  to   space 4096K, 0% used [0x00000000ec400000,0x00000000ec400000,0x00000000ec800000)
 ParOldGen       total 68608K, used 7197K [0x00000000c0000000, 0x00000000c4300000, 0x00000000eab00000)
  object space 68608K, 10% used [0x00000000c0000000,0x00000000c07076d0,0x00000000c4300000)
 Metaspace       used 15366K, committed 16000K, reserved 1114112K
  class space    used 1533K, committed 1792K, reserved 1048576K
}
Event: 3.723 GC heap after
{Heap after GC invocations=5 (full 0):
 PSYoungGen      total 29184K, used 4072K [0x00000000eab00000, 0x00000000ecf80000, 0x0000000100000000)
  eden space 25088K, 0% used [0x00000000eab00000,0x00000000eab00000,0x00000000ec380000)
  from space 4096K, 99% used [0x00000000ec400000,0x00000000ec7fa320,0x00000000ec800000)
  to   space 6144K, 0% used [0x00000000ec980000,0x00000000ec980000,0x00000000ecf80000)
 ParOldGen       total 68608K, used 8740K [0x00000000c0000000, 0x00000000c4300000, 0x00000000eab00000)
  object space 68608K, 12% used [0x00000000c0000000,0x00000000c08891a8,0x00000000c4300000)
 Metaspace       used 15366K, committed 16000K, reserved 1114112K
  class space    used 1533K, committed 1792K, reserved 1048576K
}

Dll operation events (10 events):
Event: 0.020 Loaded shared library c:\Users\miguel\.vscode\extensions\redhat.java-1.42.0-win32-x64\jre\21.0.7-win32-x86_64\bin\java.dll
Event: 0.152 Loaded shared library c:\Users\miguel\.vscode\extensions\redhat.java-1.42.0-win32-x64\jre\21.0.7-win32-x86_64\bin\zip.dll
Event: 0.187 Loaded shared library C:\Users\miguel\.vscode\extensions\redhat.java-1.42.0-win32-x64\jre\21.0.7-win32-x86_64\bin\instrument.dll
Event: 0.196 Loaded shared library C:\Users\miguel\.vscode\extensions\redhat.java-1.42.0-win32-x64\jre\21.0.7-win32-x86_64\bin\net.dll
Event: 0.200 Loaded shared library C:\Users\miguel\.vscode\extensions\redhat.java-1.42.0-win32-x64\jre\21.0.7-win32-x86_64\bin\nio.dll
Event: 0.205 Loaded shared library C:\Users\miguel\.vscode\extensions\redhat.java-1.42.0-win32-x64\jre\21.0.7-win32-x86_64\bin\zip.dll
Event: 0.231 Loaded shared library C:\Users\miguel\.vscode\extensions\redhat.java-1.42.0-win32-x64\jre\21.0.7-win32-x86_64\bin\jimage.dll
Event: 0.334 Loaded shared library c:\Users\miguel\.vscode\extensions\redhat.java-1.42.0-win32-x64\jre\21.0.7-win32-x86_64\bin\verify.dll
Event: 1.978 Loaded shared library C:\Users\miguel\AppData\Roaming\Code\User\globalStorage\redhat.java\1.42.0\config_win\org.eclipse.equinox.launcher\org.eclipse.equinox.launcher.win32.win32.x86_64_1.2.1300.v20250331-1702\eclipse_11911.dll
Event: 3.914 Loaded shared library C:\Users\miguel\AppData\Local\Temp\jna--1074235983\jna10325262858637261897.dll

Deoptimization events (20 events):
Event: 3.734 Thread 0x0000010d01647ff0 Uncommon trap: trap_request=0xffffffc6 fr.pc=0x0000010d347f39a0 relative=0x00000000000013a0
Event: 3.735 Thread 0x0000010d01647ff0 Uncommon trap: reason=bimorphic_or_optimized_type_check action=maybe_recompile pc=0x0000010d347f39a0 method=java.io.DataInputStream.readFully([BII)V @ 30 c2
Event: 3.735 Thread 0x0000010d01647ff0 DEOPT PACKING pc=0x0000010d347f39a0 sp=0x000000011b2f4db0
Event: 3.735 Thread 0x0000010d01647ff0 DEOPT UNPACKING pc=0x0000010d34183aa2 sp=0x000000011b2f4da8 mode 2
Event: 3.735 Thread 0x0000010d01647ff0 Uncommon trap: trap_request=0xffffffc6 fr.pc=0x0000010d347f39a0 relative=0x00000000000013a0
Event: 3.735 Thread 0x0000010d01647ff0 Uncommon trap: reason=bimorphic_or_optimized_type_check action=maybe_recompile pc=0x0000010d347f39a0 method=java.io.DataInputStream.readFully([BII)V @ 30 c2
Event: 3.735 Thread 0x0000010d01647ff0 DEOPT PACKING pc=0x0000010d347f39a0 sp=0x000000011b2f4da0
Event: 3.735 Thread 0x0000010d01647ff0 DEOPT UNPACKING pc=0x0000010d34183aa2 sp=0x000000011b2f4d98 mode 2
Event: 3.736 Thread 0x0000010d01647ff0 Uncommon trap: trap_request=0xffffffc6 fr.pc=0x0000010d347f39a0 relative=0x00000000000013a0
Event: 3.736 Thread 0x0000010d01647ff0 Uncommon trap: reason=bimorphic_or_optimized_type_check action=maybe_recompile pc=0x0000010d347f39a0 method=java.io.DataInputStream.readFully([BII)V @ 30 c2
Event: 3.736 Thread 0x0000010d01647ff0 DEOPT PACKING pc=0x0000010d347f39a0 sp=0x000000011b2f4d70
Event: 3.736 Thread 0x0000010d01647ff0 DEOPT UNPACKING pc=0x0000010d34183aa2 sp=0x000000011b2f4d68 mode 2
Event: 3.855 Thread 0x0000010d01647ff0 Uncommon trap: trap_request=0xffffff45 fr.pc=0x0000010d3470641c relative=0x000000000000067c
Event: 3.855 Thread 0x0000010d01647ff0 Uncommon trap: reason=unstable_if action=reinterpret pc=0x0000010d3470641c method=java.lang.String.replace(Ljava/lang/CharSequence;Ljava/lang/CharSequence;)Ljava/lang/String; @ 42 c2
Event: 3.855 Thread 0x0000010d01647ff0 DEOPT PACKING pc=0x0000010d3470641c sp=0x000000011b2f2cf0
Event: 3.855 Thread 0x0000010d01647ff0 DEOPT UNPACKING pc=0x0000010d34183aa2 sp=0x000000011b2f2c70 mode 2
Event: 3.985 Thread 0x0000010d01647ff0 Uncommon trap: trap_request=0xffffff45 fr.pc=0x0000010d3482cba4 relative=0x0000000000000084
Event: 3.985 Thread 0x0000010d01647ff0 Uncommon trap: reason=unstable_if action=reinterpret pc=0x0000010d3482cba4 method=java.lang.ref.SoftReference.get()Ljava/lang/Object; @ 6 c2
Event: 3.985 Thread 0x0000010d01647ff0 DEOPT PACKING pc=0x0000010d3482cba4 sp=0x000000011b2f4e70
Event: 3.985 Thread 0x0000010d01647ff0 DEOPT UNPACKING pc=0x0000010d34183aa2 sp=0x000000011b2f4e08 mode 2

Classes loaded (20 events):
Event: 3.931 Loading class java/lang/reflect/UndeclaredThrowableException
Event: 3.931 Loading class java/lang/reflect/UndeclaredThrowableException done
Event: 3.931 Loading class java/lang/Class$AnnotationData
Event: 3.932 Loading class java/lang/Class$AnnotationData done
Event: 3.933 Loading class jdk/internal/reflect/MethodHandleIntegerFieldAccessorImpl
Event: 3.933 Loading class jdk/internal/reflect/MethodHandleIntegerFieldAccessorImpl done
Event: 3.946 Loading class java/io/PrintWriter
Event: 3.947 Loading class java/io/PrintWriter done
Event: 3.954 Loading class jdk/internal/reflect/MethodHandleShortFieldAccessorImpl
Event: 3.954 Loading class jdk/internal/reflect/MethodHandleShortFieldAccessorImpl done
Event: 3.954 Loading class java/lang/Short$ShortCache
Event: 3.954 Loading class java/lang/Short$ShortCache done
Event: 3.977 Loading class java/util/function/LongUnaryOperator
Event: 3.977 Loading class java/util/function/LongUnaryOperator done
Event: 3.977 Loading class java/lang/ThreadDeath
Event: 3.978 Loading class java/lang/ThreadDeath done
Event: 3.989 Loading class java/util/stream/SortedOps$SizedRefSortingSink
Event: 3.989 Loading class java/util/stream/SortedOps$SizedRefSortingSink done
Event: 4.030 Loading class java/util/concurrent/atomic/Striped64$1
Event: 4.030 Loading class java/util/concurrent/atomic/Striped64$1 done

Classes unloaded (0 events):
No events

Classes redefined (0 events):
No events

Internal exceptions (20 events):
Event: 3.683 Thread 0x0000010d01647ff0 Exception <a 'java/io/FileNotFoundException'{0x00000000ec220ae0}> (0x00000000ec220ae0) 
thrown [s\src\hotspot\share\prims\jni.cpp, line 520]
Event: 3.684 Thread 0x0000010d01647ff0 Exception <a 'java/io/FileNotFoundException'{0x00000000ec227de0}> (0x00000000ec227de0) 
thrown [s\src\hotspot\share\prims\jni.cpp, line 520]
Event: 3.751 Thread 0x0000010d01647ff0 Exception <a 'java/lang/NoSuchMethodError'{0x00000000eabf3348}: 'java.lang.Object java.lang.invoke.DirectMethodHandle$Holder.newInvokeSpecial(java.lang.Object, java.lang.Object, java.lang.Object, java.lang.Object, java.lang.Object)'> (0x00000000eabf3348) 
thrown [s\src\hotspot\share\interpreter\linkResolver.cpp, line 773]
Event: 3.803 Thread 0x0000010d01647ff0 Exception <a 'java/lang/NoSuchMethodError'{0x00000000eadaf550}: 'java.lang.Object java.lang.invoke.DirectMethodHandle$Holder.invokeStaticInit(java.lang.Object, int)'> (0x00000000eadaf550) 
thrown [s\src\hotspot\share\interpreter\linkResolver.cpp, line 773]
Event: 3.861 Thread 0x0000010d01647ff0 Exception <a 'java/lang/NoSuchMethodError'{0x00000000eb025d10}: 'java.lang.Object java.lang.invoke.DirectMethodHandle$Holder.invokeStaticInit(java.lang.Object, int, int, int, int)'> (0x00000000eb025d10) 
thrown [s\src\hotspot\share\interpreter\linkResolver.cpp, line 773]
Event: 3.893 Thread 0x0000010d01647ff0 Exception <a 'java/lang/NoSuchMethodError'{0x00000000eb0d5628}: 'java.lang.Object java.lang.invoke.DirectMethodHandle$Holder.invokeStaticInit(java.lang.Object, java.lang.Object, int, int, int, int)'> (0x00000000eb0d5628) 
thrown [s\src\hotspot\share\interpreter\linkResolver.cpp, line 773]
Event: 3.933 Thread 0x0000010d01647ff0 Exception <a 'java/lang/NoSuchMethodError'{0x00000000eb1f3bb8}: 'void java.lang.invoke.DirectMethodHandle$Holder.invokeSpecial(java.lang.Object, java.lang.Object, java.lang.Object, int)'> (0x00000000eb1f3bb8) 
thrown [s\src\hotspot\share\interpreter\linkResolver.cpp, line 773]
Event: 3.933 Thread 0x0000010d01647ff0 Exception <a 'java/lang/NoSuchMethodError'{0x00000000eb1f77f8}: 'void java.lang.invoke.DelegatingMethodHandle$Holder.reinvoke_L(java.lang.Object, java.lang.Object, int)'> (0x00000000eb1f77f8) 
thrown [s\src\hotspot\share\interpreter\linkResolver.cpp, line 773]
Event: 3.934 Thread 0x0000010d01647ff0 Exception <a 'java/lang/NoSuchMethodError'{0x00000000eb1fe790}: 'int java.lang.invoke.Invokers$Holder.invokeExact_MT(java.lang.Object, java.lang.Object, java.lang.Object)'> (0x00000000eb1fe790) 
thrown [s\src\hotspot\share\interpreter\linkResolver.cpp, line 773]
Event: 3.956 Thread 0x0000010d01647ff0 Exception <a 'java/lang/NoSuchMethodError'{0x00000000eb345c60}: 'void java.lang.invoke.Invokers$Holder.invokeExact_MT(java.lang.Object, java.lang.Object, int, java.lang.Object)'> (0x00000000eb345c60) 
thrown [s\src\hotspot\share\interpreter\linkResolver.cpp, line 773]
Event: 3.974 Thread 0x0000010d01647ff0 Exception <a 'java/lang/NoSuchMethodError'{0x00000000eb44aca8}: 'java.lang.Object java.lang.invoke.DirectMethodHandle$Holder.invokeSpecial(java.lang.Object, java.lang.Object, java.lang.Object, long, java.lang.Object)'> (0x00000000eb44aca8) 
thrown [s\src\hotspot\share\interpreter\linkResolver.cpp, line 773]
Event: 3.976 Thread 0x0000010d01647ff0 Exception <a 'java/lang/NoSuchMethodError'{0x00000000eb452438}: 'java.lang.Object java.lang.invoke.DirectMethodHandle$Holder.newInvokeSpecial(java.lang.Object, java.lang.Object, java.lang.Object, long)'> (0x00000000eb452438) 
thrown [s\src\hotspot\share\interpreter\linkResolver.cpp, line 773]
Event: 3.976 Thread 0x0000010d01647ff0 Exception <a 'java/lang/NoSuchMethodError'{0x00000000eb456298}: 'java.lang.Object java.lang.invoke.Invokers$Holder.linkToTargetMethod(java.lang.Object, java.lang.Object, long, java.lang.Object)'> (0x00000000eb456298) 
thrown [s\src\hotspot\share\interpreter\linkResolver.cpp, line 773]
Event: 3.986 Thread 0x0000010d01647ff0 Exception <a 'java/lang/NoSuchMethodError'{0x00000000eb4b7148}: 'int java.lang.invoke.DirectMethodHandle$Holder.invokeStaticInit(java.lang.Object, java.lang.Object, java.lang.Object)'> (0x00000000eb4b7148) 
thrown [s\src\hotspot\share\interpreter\linkResolver.cpp, line 773]
Event: 4.002 Thread 0x0000010d01647ff0 Exception <a 'java/lang/IncompatibleClassChangeError'{0x00000000eb56bbf0}: Found class java.lang.Object, but interface was expected> (0x00000000eb56bbf0) 
thrown [s\src\hotspot\share\interpreter\linkResolver.cpp, line 840]
Event: 4.005 Thread 0x0000010d01647ff0 Exception <a 'java/lang/NoSuchMethodError'{0x00000000eb57b260}: 'java.lang.Object java.lang.invoke.DirectMethodHandle$Holder.invokeSpecial(java.lang.Object, java.lang.Object, java.lang.Object, int, java.lang.Object, java.lang.Object)'> (0x00000000eb57b260) 
thrown [s\src\hotspot\share\interpreter\linkResolver.cpp, line 773]
Event: 4.006 Thread 0x0000010d01647ff0 Exception <a 'java/lang/NoSuchMethodError'{0x00000000eb582af8}: 'java.lang.Object java.lang.invoke.DirectMethodHandle$Holder.newInvokeSpecial(java.lang.Object, java.lang.Object, java.lang.Object, int, java.lang.Object)'> (0x00000000eb582af8) 
thrown [s\src\hotspot\share\interpreter\linkResolver.cpp, line 773]
Event: 4.006 Thread 0x0000010d01647ff0 Exception <a 'java/lang/NoSuchMethodError'{0x00000000eb5865e8}: 'java.lang.Object java.lang.invoke.Invokers$Holder.linkToTargetMethod(java.lang.Object, java.lang.Object, int, java.lang.Object, java.lang.Object)'> (0x00000000eb5865e8) 
thrown [s\src\hotspot\share\interpreter\linkResolver.cpp, line 773]
Event: 4.007 Thread 0x0000010d063cb0d0 Exception <a 'java/lang/NoSuchMethodError'{0x00000000eb4c4250}: 'java.lang.Object java.lang.invoke.DirectMethodHandle$Holder.invokeSpecial(java.lang.Object, java.lang.Object, int, java.lang.Object, java.lang.Object)'> (0x00000000eb4c4250) 
thrown [s\src\hotspot\share\interpreter\linkResolver.cpp, line 773]
Event: 4.034 Thread 0x0000010d01647ff0 Exception <a 'java/lang/NoSuchMethodError'{0x00000000eb688f18}: 'void java.lang.invoke.DirectMethodHandle$Holder.invokeSpecial(java.lang.Object, java.lang.Object, java.lang.Object, java.lang.Object, java.lang.Object)'> (0x00000000eb688f18) 
thrown [s\src\hotspot\share\interpreter\linkResolver.cpp, line 773]

ZGC Phase Switch (0 events):
No events

VM Operations (20 events):
Event: 2.818 Executing VM operation: HandshakeAllThreads (Deoptimize)
Event: 2.818 Executing VM operation: HandshakeAllThreads (Deoptimize) done
Event: 2.944 Executing VM operation: HandshakeAllThreads (Deoptimize)
Event: 2.945 Executing VM operation: HandshakeAllThreads (Deoptimize) done
Event: 3.125 Executing VM operation: ParallelGCFailedAllocation (Allocation Failure)
Event: 3.132 Executing VM operation: ParallelGCFailedAllocation (Allocation Failure) done
Event: 3.605 Executing VM operation: ICBufferFull
Event: 3.605 Executing VM operation: ICBufferFull done
Event: 3.700 Executing VM operation: HandshakeAllThreads (Deoptimize)
Event: 3.700 Executing VM operation: HandshakeAllThreads (Deoptimize) done
Event: 3.718 Executing VM operation: ParallelGCFailedAllocation (Allocation Failure)
Event: 3.723 Executing VM operation: ParallelGCFailedAllocation (Allocation Failure) done
Event: 3.818 Executing VM operation: HandshakeAllThreads (Deoptimize)
Event: 3.818 Executing VM operation: HandshakeAllThreads (Deoptimize) done
Event: 3.881 Executing VM operation: HandshakeAllThreads (Deoptimize)
Event: 3.881 Executing VM operation: HandshakeAllThreads (Deoptimize) done
Event: 3.891 Executing VM operation: HandshakeAllThreads (Deoptimize)
Event: 3.891 Executing VM operation: HandshakeAllThreads (Deoptimize) done
Event: 3.921 Executing VM operation: HandshakeAllThreads (Deoptimize)
Event: 3.921 Executing VM operation: HandshakeAllThreads (Deoptimize) done

Memory protections (0 events):
No events

Nmethod flushes (0 events):
No events

Events (20 events):
Event: 0.086 Thread 0x0000010d29a1b630 Thread added: 0x0000010d3ddf0a80
Event: 0.087 Thread 0x0000010d29a1b630 Thread added: 0x0000010d3ddf1be0
Event: 0.087 Thread 0x0000010d29a1b630 Thread added: 0x0000010d3ddf3d20
Event: 0.087 Thread 0x0000010d29a1b630 Thread added: 0x0000010d3ddf4970
Event: 0.087 Thread 0x0000010d29a1b630 Thread added: 0x0000010d3ddf8840
Event: 0.087 Thread 0x0000010d29a1b630 Thread added: 0x0000010d3ddfd0b0
Event: 0.125 Thread 0x0000010d29a1b630 Thread added: 0x0000010d29a86dc0
Event: 0.468 Thread 0x0000010d29a1b630 Thread added: 0x0000010d006a3690
Event: 1.353 Thread 0x0000010d3ddfd0b0 Thread added: 0x0000010d016c4f50
Event: 1.663 Thread 0x0000010d29a1b630 Thread added: 0x0000010d060c50c0
Event: 1.970 Thread 0x0000010d29a1b630 Thread added: 0x0000010d018a3e20
Event: 2.020 Thread 0x0000010d018a3e20 Thread added: 0x0000010d0603d260
Event: 2.025 Thread 0x0000010d29a1b630 Thread added: 0x0000010d01647ff0
Event: 2.490 Thread 0x0000010d01647ff0 Thread added: 0x0000010d0644b9e0
Event: 2.775 Thread 0x0000010d01647ff0 Thread added: 0x0000010d067dbac0
Event: 2.925 Thread 0x0000010d01647ff0 Thread added: 0x0000010d063cbdf0
Event: 3.507 Thread 0x0000010d01647ff0 Thread added: 0x0000010d063ca3b0
Event: 3.942 Thread 0x0000010d01647ff0 Thread added: 0x0000010d063c9000
Event: 3.980 Thread 0x0000010d01647ff0 Thread added: 0x0000010d063cb0d0
Event: 4.009 Thread 0x0000010d01647ff0 Thread added: 0x0000010d063c9d20


Dynamic libraries:
0x00007ff76c540000 - 0x00007ff76c54e000 	c:\Users\miguel\.vscode\extensions\redhat.java-1.42.0-win32-x64\jre\21.0.7-win32-x86_64\bin\java.exe
0x00007ff98ef70000 - 0x00007ff98f187000 	C:\WINDOWS\SYSTEM32\ntdll.dll
0x00007ff958dc0000 - 0x00007ff958ddb000 	C:\Program Files\AVG\Antivirus\aswhook.dll
0x00007ff98dd70000 - 0x00007ff98de34000 	C:\WINDOWS\System32\KERNEL32.DLL
0x00007ff98c820000 - 0x00007ff98cbf2000 	C:\WINDOWS\System32\KERNELBASE.dll
0x00007ff98c330000 - 0x00007ff98c441000 	C:\WINDOWS\System32\ucrtbase.dll
0x00007ff978aa0000 - 0x00007ff978ab8000 	c:\Users\miguel\.vscode\extensions\redhat.java-1.42.0-win32-x64\jre\21.0.7-win32-x86_64\bin\jli.dll
0x00007ff978a00000 - 0x00007ff978a1e000 	c:\Users\miguel\.vscode\extensions\redhat.java-1.42.0-win32-x64\jre\21.0.7-win32-x86_64\bin\VCRUNTIME140.dll
0x00007ff98ecf0000 - 0x00007ff98eea1000 	C:\WINDOWS\System32\USER32.dll
0x00007ff97c640000 - 0x00007ff97c8db000 	C:\WINDOWS\WinSxS\amd64_microsoft.windows.common-controls_6595b64144ccf1df_6.0.22621.5413_none_270da5617387a498\COMCTL32.dll
0x00007ff98c630000 - 0x00007ff98c656000 	C:\WINDOWS\System32\win32u.dll
0x00007ff98e690000 - 0x00007ff98e6b9000 	C:\WINDOWS\System32\GDI32.dll
0x00007ff98de40000 - 0x00007ff98dee7000 	C:\WINDOWS\System32\msvcrt.dll
0x00007ff98c060000 - 0x00007ff98c183000 	C:\WINDOWS\System32\gdi32full.dll
0x00007ff98c590000 - 0x00007ff98c62a000 	C:\WINDOWS\System32\msvcp_win.dll
0x00007ff98e650000 - 0x00007ff98e681000 	C:\WINDOWS\System32\IMM32.DLL
0x00007ff97b380000 - 0x00007ff97b38c000 	c:\Users\miguel\.vscode\extensions\redhat.java-1.42.0-win32-x64\jre\21.0.7-win32-x86_64\bin\vcruntime140_1.dll
0x00007ff919ff0000 - 0x00007ff91a07d000 	c:\Users\miguel\.vscode\extensions\redhat.java-1.42.0-win32-x64\jre\21.0.7-win32-x86_64\bin\msvcp140.dll
0x00007ff8d3000000 - 0x00007ff8d3d90000 	c:\Users\miguel\.vscode\extensions\redhat.java-1.42.0-win32-x64\jre\21.0.7-win32-x86_64\bin\server\jvm.dll
0x00007ff98cc00000 - 0x00007ff98ccb1000 	C:\WINDOWS\System32\ADVAPI32.dll
0x00007ff98def0000 - 0x00007ff98df98000 	C:\WINDOWS\System32\sechost.dll
0x00007ff98c300000 - 0x00007ff98c328000 	C:\WINDOWS\System32\bcrypt.dll
0x00007ff98eb90000 - 0x00007ff98eca4000 	C:\WINDOWS\System32\RPCRT4.dll
0x00007ff98eeb0000 - 0x00007ff98ef21000 	C:\WINDOWS\System32\WS2_32.dll
0x00007ff984b70000 - 0x00007ff984b7a000 	C:\WINDOWS\SYSTEM32\VERSION.dll
0x00007ff98bf30000 - 0x00007ff98bf7d000 	C:\WINDOWS\SYSTEM32\POWRPROF.dll
0x00007ff984ea0000 - 0x00007ff984ed4000 	C:\WINDOWS\SYSTEM32\WINMM.dll
0x00007ff98bf10000 - 0x00007ff98bf23000 	C:\WINDOWS\SYSTEM32\UMPDC.dll
0x00007ff98b060000 - 0x00007ff98b078000 	C:\WINDOWS\SYSTEM32\kernel.appcore.dll
0x00007ff97afb0000 - 0x00007ff97afba000 	c:\Users\miguel\.vscode\extensions\redhat.java-1.42.0-win32-x64\jre\21.0.7-win32-x86_64\bin\jimage.dll
0x00007ff983d00000 - 0x00007ff983f32000 	C:\WINDOWS\SYSTEM32\DBGHELP.DLL
0x00007ff98ce60000 - 0x00007ff98d1f3000 	C:\WINDOWS\System32\combase.dll
0x00007ff98e570000 - 0x00007ff98e647000 	C:\WINDOWS\System32\OLEAUT32.dll
0x00007ff97adf0000 - 0x00007ff97ae22000 	C:\WINDOWS\SYSTEM32\dbgcore.DLL
0x00007ff98c450000 - 0x00007ff98c4cb000 	C:\WINDOWS\System32\bcryptPrimitives.dll
0x00007ff970720000 - 0x00007ff97072f000 	c:\Users\miguel\.vscode\extensions\redhat.java-1.42.0-win32-x64\jre\21.0.7-win32-x86_64\bin\instrument.dll
0x00007ff977f90000 - 0x00007ff977faf000 	c:\Users\miguel\.vscode\extensions\redhat.java-1.42.0-win32-x64\jre\21.0.7-win32-x86_64\bin\java.dll
0x00007ff98d2b0000 - 0x00007ff98db52000 	C:\WINDOWS\System32\SHELL32.dll
0x00007ff98c660000 - 0x00007ff98c79f000 	C:\WINDOWS\System32\wintypes.dll
0x00007ff989f40000 - 0x00007ff98a85d000 	C:\WINDOWS\SYSTEM32\windows.storage.dll
0x00007ff98db60000 - 0x00007ff98dc6b000 	C:\WINDOWS\System32\SHCORE.dll
0x00007ff98ccc0000 - 0x00007ff98cd29000 	C:\WINDOWS\System32\shlwapi.dll
0x00007ff98bf90000 - 0x00007ff98bfbb000 	C:\WINDOWS\SYSTEM32\profapi.dll
0x00007ff970480000 - 0x00007ff970498000 	c:\Users\miguel\.vscode\extensions\redhat.java-1.42.0-win32-x64\jre\21.0.7-win32-x86_64\bin\zip.dll
0x00007ff978a90000 - 0x00007ff978aa0000 	C:\Users\miguel\.vscode\extensions\redhat.java-1.42.0-win32-x64\jre\21.0.7-win32-x86_64\bin\net.dll
0x00007ff984970000 - 0x00007ff984a9c000 	C:\WINDOWS\SYSTEM32\WINHTTP.dll
0x00007ff98b4f0000 - 0x00007ff98b559000 	C:\WINDOWS\system32\mswsock.dll
0x00007ff970060000 - 0x00007ff970076000 	C:\Users\miguel\.vscode\extensions\redhat.java-1.42.0-win32-x64\jre\21.0.7-win32-x86_64\bin\nio.dll
0x00007ff96f7f0000 - 0x00007ff96f800000 	c:\Users\miguel\.vscode\extensions\redhat.java-1.42.0-win32-x64\jre\21.0.7-win32-x86_64\bin\verify.dll
0x00007ff901d00000 - 0x00007ff901d45000 	C:\Users\miguel\AppData\Roaming\Code\User\globalStorage\redhat.java\1.42.0\config_win\org.eclipse.equinox.launcher\org.eclipse.equinox.launcher.win32.win32.x86_64_1.2.1300.v20250331-1702\eclipse_11911.dll
0x00007ff98e3d0000 - 0x00007ff98e570000 	C:\WINDOWS\System32\ole32.dll
0x00007ff98b760000 - 0x00007ff98b77b000 	C:\WINDOWS\SYSTEM32\CRYPTSP.dll
0x00007ff98afc0000 - 0x00007ff98aff7000 	C:\WINDOWS\system32\rsaenh.dll
0x00007ff98b600000 - 0x00007ff98b628000 	C:\WINDOWS\SYSTEM32\USERENV.dll
0x00007ff98b780000 - 0x00007ff98b78c000 	C:\WINDOWS\SYSTEM32\CRYPTBASE.dll
0x00007ff98aac0000 - 0x00007ff98aaed000 	C:\WINDOWS\SYSTEM32\IPHLPAPI.DLL
0x00007ff98ecc0000 - 0x00007ff98ecc9000 	C:\WINDOWS\System32\NSI.dll
0x00007ff926fd0000 - 0x00007ff927019000 	C:\Users\miguel\AppData\Local\Temp\jna--1074235983\jna10325262858637261897.dll
0x00007ff98e3c0000 - 0x00007ff98e3c8000 	C:\WINDOWS\System32\PSAPI.DLL

dbghelp: loaded successfully - version: 4.0.5 - missing functions: none
symbol engine: initialized successfully - sym options: 0x614 - pdb path: .;c:\Users\miguel\.vscode\extensions\redhat.java-1.42.0-win32-x64\jre\21.0.7-win32-x86_64\bin;C:\WINDOWS\SYSTEM32;C:\Program Files\AVG\Antivirus;C:\WINDOWS\WinSxS\amd64_microsoft.windows.common-controls_6595b64144ccf1df_6.0.22621.5413_none_270da5617387a498;c:\Users\miguel\.vscode\extensions\redhat.java-1.42.0-win32-x64\jre\21.0.7-win32-x86_64\bin\server;C:\Users\miguel\AppData\Roaming\Code\User\globalStorage\redhat.java\1.42.0\config_win\org.eclipse.equinox.launcher\org.eclipse.equinox.launcher.win32.win32.x86_64_1.2.1300.v20250331-1702;C:\Users\miguel\AppData\Local\Temp\jna--1074235983

VM Arguments:
jvm_args: --add-modules=ALL-SYSTEM --add-opens=java.base/java.util=ALL-UNNAMED --add-opens=java.base/java.lang=ALL-UNNAMED --add-opens=java.base/sun.nio.fs=ALL-UNNAMED -Declipse.application=org.eclipse.jdt.ls.core.id1 -Dosgi.bundles.defaultStartLevel=4 -Declipse.product=org.eclipse.jdt.ls.core.product -Djava.import.generatesMetadataFilesAtProjectRoot=false -DDetectVMInstallationsJob.disabled=true -Dfile.encoding=utf8 -XX:+UseParallelGC -XX:GCTimeRatio=4 -XX:AdaptiveSizePolicyWeight=90 -Dsun.zip.disableMemoryMapping=true -Xmx1G -Xms100m -Xlog:disable -javaagent:c:\Users\miguel\.vscode\extensions\redhat.java-1.42.0-win32-x64\lombok\lombok-1.18.36.jar -XX:+HeapDumpOnOutOfMemoryError -XX:HeapDumpPath=c:\Users\miguel\AppData\Roaming\Code\User\workspaceStorage\9fd064cfbecdc862a29664d28eb3d9df\redhat.java -Daether.dependencyCollector.impl=bf 
java_command: c:\Users\miguel\.vscode\extensions\redhat.java-1.42.0-win32-x64\server\plugins\org.eclipse.equinox.launcher_1.7.0.v20250424-1814.jar -configuration c:\Users\miguel\AppData\Roaming\Code\User\globalStorage\redhat.java\1.42.0\config_win -data c:\Users\miguel\AppData\Roaming\Code\User\workspaceStorage\9fd064cfbecdc862a29664d28eb3d9df\redhat.java\jdt_ws --pipe=\\.\pipe\lsp-0227bbd1bf5760ae7f6ee6c48a032543-sock
java_class_path (initial): c:\Users\miguel\.vscode\extensions\redhat.java-1.42.0-win32-x64\server\plugins\org.eclipse.equinox.launcher_1.7.0.v20250424-1814.jar
Launcher Type: SUN_STANDARD

[Global flags]
    uintx AdaptiveSizePolicyWeight                 = 90                                        {product} {command line}
     intx CICompilerCount                          = 4                                         {product} {ergonomic}
    uintx GCTimeRatio                              = 4                                         {product} {command line}
     bool HeapDumpOnOutOfMemoryError               = true                                   {manageable} {command line}
    ccstr HeapDumpPath                             = c:\Users\miguel\AppData\Roaming\Code\User\workspaceStorage\9fd064cfbecdc862a29664d28eb3d9df\redhat.java         {manageable} {command line}
   size_t InitialHeapSize                          = 104857600                                 {product} {command line}
   size_t MaxHeapSize                              = 1073741824                                {product} {command line}
   size_t MaxNewSize                               = 357564416                                 {product} {ergonomic}
   size_t MinHeapDeltaBytes                        = 524288                                    {product} {ergonomic}
   size_t MinHeapSize                              = 104857600                                 {product} {command line}
   size_t NewSize                                  = 34603008                                  {product} {ergonomic}
    uintx NonNMethodCodeHeapSize                   = 5839372                                {pd product} {ergonomic}
    uintx NonProfiledCodeHeapSize                  = 122909434                              {pd product} {ergonomic}
   size_t OldSize                                  = 70254592                                  {product} {ergonomic}
    uintx ProfiledCodeHeapSize                     = 122909434                              {pd product} {ergonomic}
    uintx ReservedCodeCacheSize                    = 251658240                              {pd product} {ergonomic}
     bool SegmentedCodeCache                       = true                                      {product} {ergonomic}
   size_t SoftMaxHeapSize                          = 1073741824                             {manageable} {ergonomic}
     bool UseCompressedOops                        = true                           {product lp64_product} {ergonomic}
     bool UseLargePagesIndividualAllocation        = false                                  {pd product} {ergonomic}
     bool UseParallelGC                            = true                                      {product} {command line}

Logging:
Log output configuration:
 #0: stdout all=off uptime,level,tags foldmultilines=false
 #1: stderr all=off uptime,level,tags foldmultilines=false

Environment Variables:
JAVA_HOME=C:\Program Files\Java\jdk-1.8
PATH=%SystemRoot%\system32;%SystemRoot%;%SystemRoot%\System32\Wbem;%SYSTEMROOT%\System32\WindowsPowerShell\v1.0\;C:\hadoop\hive;C:\Program Files\Common Files\Oracle\Java\javapath;C:\spark\bin;C:\Program Files (x86)\Thonny\Scripts;C:\Program Files (x86)\Thonny;C:\laragon\bin\php\php-8.1.10-Win32-vs16-x64;C:\Program Files (x86)\Common Files\Oracle\Java\java8path;C:\Program Files\Microsoft MPI\Bin\;C:\Program Files\Python310\Scripts\;C:\Program Files\Python310\;C:\Windows\system32\OpenSSH\;C:\Program Files\Microsoft SQL Server\Client SDK\ODBC\170\Tools\Binn\;C:\Program Files\Microsoft SQL Server\130\Tools\Binn\;C:\Program Files (x86)\Microsoft SQL Server\150\DTS\Binn\;C:\Program Files\Microsoft SQL Server\150\DTS\Binn\;C:\Program Files (x86)\Microsoft SQL Server\150\Tools\Binn\;C:\Program Files\Microsoft SQL Server\150\Tools\Binn\;C:\MinGW\bin;C:\ProgramData\chocolatey\bin;C:\Program Files\Git\cmd;C:\Program Files\dotnet\;C:\Program Files\Microsoft VS Code\bin;C:\hadoop\hive;C:\MinGW\bin;C:\Windows\system32\Wbem;C:\Windows;C:\Windows\system32;C:\laragon\bin;C:\laragon\bin\apache\httpd-2.4.54-win64-VS16\bin;C:\laragon\bin\composer;C:\laragon\bin\git\bin;C:\laragon\bin\git\cmd;C:\laragon\bin\git\mingw64\bin;C:\laragon\bin\git\usr\bin;C:\laragon\bin\laragon\utils;C:\laragon\bin\mysql\mysql-8.0.30-winx64\bin;C:\laragon\bin\nginx\nginx-1.22.0;C:\laragon\bin\ngrok;C:\laragon\bin\notepad++;C:\laragon\bin\php\php-8.3.11-Win32-vs16-x64;C:\laragon\bin\python\python-3.10;C:\laragon\bin\python\python-3.10\Scripts;C:\laragon\bin\redis\redis-x64-5.0.14.1;C:\laragon\bin\telnet;C:\laragon\usr\bin;C:\Users\miguel\AppData\Roaming\Composer\vendor\bin;C:\Users\miguel\AppData\Roaming\npm;C:\MinGW\bin;C:\composer;C:\Users\miguel\AppData\Local\Microsoft\WindowsApps;C:\Users\miguel\AppData\Local\GitHubDesktop\bin;C:\Users\miguel\.dotnet\tools;C:\Program Files\MongoDB\Server\6.0\bin;C:\Users\miguel\AppData\Local\Programs\mongosh\;C:\Users\miguel\.dotnet\tools;C:\Program Files\JetBrains\WebStorm 2024.3.5\bin;;C:\Program Files\JetBrains\JetBrains Rider 2024.3.6\bin;;C:\Users\miguel\AppData\Local\nvm;C:\nvm4w\nodejs
USERNAME=miguel
OS=Windows_NT
PROCESSOR_IDENTIFIER=AMD64 Family 23 Model 104 Stepping 1, AuthenticAMD
TMP=C:\Users\miguel\AppData\Local\Temp
TEMP=C:\Users\miguel\AppData\Local\Temp




Periodic native trim disabled

---------------  S Y S T E M  ---------------

OS:
 Windows 11 , 64 bit Build 22621 (10.0.22621.5413)
OS uptime: 1 days 12:30 hours
Hyper-V role detected

CPU: total 12 (initial active 12) (12 cores per cpu, 2 threads per core) family 23 model 104 stepping 1 microcode 0x0, cx8, cmov, fxsr, ht, mmx, 3dnowpref, sse, sse2, sse3, ssse3, sse4a, sse4.1, sse4.2, popcnt, lzcnt, tsc, tscinvbit, avx, avx2, aes, clmul, bmi1, bmi2, adx, sha, fma, vzeroupper, clflush, clflushopt, hv, rdtscp, rdpid, f16c
Processor Information for processor 0
  Max Mhz: 2100, Current Mhz: 2100, Mhz Limit: 2100
Processor Information for processor 1
  Max Mhz: 2100, Current Mhz: 2100, Mhz Limit: 2100
Processor Information for processor 2
  Max Mhz: 2100, Current Mhz: 2100, Mhz Limit: 2100
Processor Information for processor 3
  Max Mhz: 2100, Current Mhz: 2100, Mhz Limit: 2100
Processor Information for processor 4
  Max Mhz: 2100, Current Mhz: 2100, Mhz Limit: 2100
Processor Information for processor 5
  Max Mhz: 2100, Current Mhz: 2100, Mhz Limit: 2100
Processor Information for processor 6
  Max Mhz: 2100, Current Mhz: 2100, Mhz Limit: 2100
Processor Information for processor 7
  Max Mhz: 2100, Current Mhz: 1813, Mhz Limit: 2100
Processor Information for processor 8
  Max Mhz: 2100, Current Mhz: 2100, Mhz Limit: 2100
Processor Information for processor 9
  Max Mhz: 2100, Current Mhz: 2100, Mhz Limit: 2100
Processor Information for processor 10
  Max Mhz: 2100, Current Mhz: 2100, Mhz Limit: 2100
Processor Information for processor 11
  Max Mhz: 2100, Current Mhz: 2100, Mhz Limit: 2100

Memory: 4k page, system-wide physical 5989M (307M free)
TotalPageFile size 24421M (AvailPageFile size 5M)
current process WorkingSet (physical memory assigned to process): 130M, peak: 130M
current process commit charge ("private bytes"): 241M, peak: 242M

vm_info: OpenJDK 64-Bit Server VM (21.0.7+6-LTS) for windows-amd64 JRE (21.0.7+6-LTS), built on 2025-04-15T00:00:00Z by "admin" with MS VC++ 17.7 (VS2022)

END.
