#
# There is insufficient memory for the Java Runtime Environment to continue.
# Native memory allocation (malloc) failed to allocate 1502176 bytes. Error detail: Chunk::new
# Possible reasons:
#   The system is out of physical RAM or swap space
#   This process is running with CompressedOops enabled, and the Java Heap may be blocking the growth of the native heap
# Possible solutions:
#   Reduce memory load on the system
#   Increase physical memory or swap space
#   Check if swap backing store is full
#   Decrease Java heap size (-Xmx/-Xms)
#   Decrease number of Java threads
#   Decrease Java thread stack sizes (-Xss)
#   Set larger code cache with -XX:ReservedCodeCacheSize=
#   JVM is running with Unscaled Compressed Oops mode in which the Java heap is
#     placed in the first 4GB address space. The Java Heap base address is the
#     maximum limit for the native heap growth. Please use -XX:HeapBaseMinAddress
#     to set the Java Heap base and to place the Java Heap above 4GB virtual address.
# This output file may be truncated or incomplete.
#
#  Out of Memory Error (arena.cpp:168), pid=13792, tid=16160
#
# JRE version: OpenJDK Runtime Environment Temurin-21.0.7+6 (21.0.7+6) (build 21.0.7+6-LTS)
# Java VM: OpenJDK 64-Bit Server VM Temurin-21.0.7+6 (21.0.7+6-LTS, mixed mode, sharing, tiered, compressed oops, compressed class ptrs, parallel gc, windows-amd64)
# No core dump will be written. Minidumps are not enabled by default on client versions of Windows
#

---------------  S U M M A R Y ------------

Command Line: --add-modules=ALL-SYSTEM --add-opens=java.base/java.util=ALL-UNNAMED --add-opens=java.base/java.lang=ALL-UNNAMED --add-opens=java.base/sun.nio.fs=ALL-UNNAMED -Declipse.application=org.eclipse.jdt.ls.core.id1 -Dosgi.bundles.defaultStartLevel=4 -Declipse.product=org.eclipse.jdt.ls.core.product -Djava.import.generatesMetadataFilesAtProjectRoot=false -DDetectVMInstallationsJob.disabled=true -Dfile.encoding=utf8 -XX:+UseParallelGC -XX:GCTimeRatio=4 -XX:AdaptiveSizePolicyWeight=90 -Dsun.zip.disableMemoryMapping=true -Xmx1G -Xms100m -Xlog:disable -javaagent:c:\Users\miguel\.vscode\extensions\redhat.java-1.42.0-win32-x64\lombok\lombok-1.18.36.jar -XX:+HeapDumpOnOutOfMemoryError -XX:HeapDumpPath=c:\Users\miguel\AppData\Roaming\Code\User\workspaceStorage\9fd064cfbecdc862a29664d28eb3d9df\redhat.java -Daether.dependencyCollector.impl=bf c:\Users\miguel\.vscode\extensions\redhat.java-1.42.0-win32-x64\server\plugins\org.eclipse.equinox.launcher_1.7.0.v20250424-1814.jar -configuration c:\Users\miguel\AppData\Roaming\Code\User\globalStorage\redhat.java\1.42.0\config_win -data c:\Users\miguel\AppData\Roaming\Code\User\workspaceStorage\9fd064cfbecdc862a29664d28eb3d9df\redhat.java\jdt_ws --pipe=\\.\pipe\lsp-deaedeaf722c479ee1bed240b3e6cdac-sock

Host: AMD Ryzen 5 5500U with Radeon Graphics         , 12 cores, 5G,  Windows 11 , 64 bit Build 22621 (10.0.22621.5413)
Time: Mon Jun  2 11:28:00 2025 Hora estándar oeste, Sudamérica elapsed time: 24.157361 seconds (0d 0h 0m 24s)

---------------  T H R E A D  ---------------

Current thread (0x00000166a75f40c0):  JavaThread "C2 CompilerThread0" daemon [_thread_in_native, id=16160, stack(0x00000027ff700000,0x00000027ff800000) (1024K)]


Current CompileTask:
C2:24157 7460 % !   4       org.eclipse.jdt.internal.compiler.classfmt.ClassFileReader::<init> @ 81 (2135 bytes)

Stack: [0x00000027ff700000,0x00000027ff800000]
Native frames: (J=compiled Java code, j=interpreted, Vv=VM code, C=native code)
V  [jvm.dll+0x6ce119]
V  [jvm.dll+0x8a84a1]
V  [jvm.dll+0x8aa9ce]
V  [jvm.dll+0x8ab0b3]
V  [jvm.dll+0x27f8a6]
V  [jvm.dll+0xc507d]
V  [jvm.dll+0xc55b3]
V  [jvm.dll+0x2f2c6d]
V  [jvm.dll+0x5f6bca]
V  [jvm.dll+0x250cb2]
V  [jvm.dll+0x25106f]
V  [jvm.dll+0x249934]
V  [jvm.dll+0x246fc4]
V  [jvm.dll+0x1c760e]
V  [jvm.dll+0x25695a]
V  [jvm.dll+0x254efa]
V  [jvm.dll+0x3f03f6]
V  [jvm.dll+0x851f6b]
V  [jvm.dll+0x6cc7dd]
C  [ucrtbase.dll+0x29333]
C  [KERNEL32.DLL+0x1259d]
C  [ntdll.dll+0x5af78]


---------------  P R O C E S S  ---------------

Threads class SMR info:
_java_thread_list=0x00000166f22f7c00, length=42, elements={
0x0000016693219c70, 0x00000166a75e8f90, 0x00000166a75ea590, 0x00000166a75ec480,
0x00000166a75ed740, 0x00000166a75ef500, 0x00000166a75f0150, 0x00000166a75f40c0,
0x00000166a75f73c0, 0x00000166e9ba9330, 0x00000166e9e444d0, 0x00000166ef38e430,
0x00000166ef6ec900, 0x00000166ef589cd0, 0x00000166ef5aee70, 0x00000166ef84f050,
0x00000166e9c7d0e0, 0x00000166e9c22bc0, 0x00000166e9c24c90, 0x00000166e9c238e0,
0x00000166e9c23250, 0x00000166e9c25320, 0x00000166e9c259b0, 0x00000166e9c26040,
0x00000166eff2fe20, 0x00000166eff2d6c0, 0x00000166eff304b0, 0x00000166eff2ea70,
0x00000166eff2bc80, 0x00000166eff31ef0, 0x00000166eff2af60, 0x00000166eff2b5f0,
0x00000166eff2f790, 0x00000166eff2dd50, 0x00000166eff30b40, 0x00000166eff311d0,
0x00000166eff31860, 0x00000166eff32580, 0x00000166eff2c310, 0x00000166eff2c9a0,
0x00000166eff2f100, 0x00000166eff2d030
}

Java Threads: ( => current thread )
  0x0000016693219c70 JavaThread "main"                              [_thread_blocked, id=25272, stack(0x00000027fed00000,0x00000027fee00000) (1024K)]
  0x00000166a75e8f90 JavaThread "Reference Handler"          daemon [_thread_blocked, id=25184, stack(0x00000027ff100000,0x00000027ff200000) (1024K)]
  0x00000166a75ea590 JavaThread "Finalizer"                  daemon [_thread_blocked, id=21448, stack(0x00000027ff200000,0x00000027ff300000) (1024K)]
  0x00000166a75ec480 JavaThread "Signal Dispatcher"          daemon [_thread_blocked, id=4840, stack(0x00000027ff300000,0x00000027ff400000) (1024K)]
  0x00000166a75ed740 JavaThread "Attach Listener"            daemon [_thread_blocked, id=23460, stack(0x00000027ff400000,0x00000027ff500000) (1024K)]
  0x00000166a75ef500 JavaThread "Service Thread"             daemon [_thread_blocked, id=15312, stack(0x00000027ff500000,0x00000027ff600000) (1024K)]
  0x00000166a75f0150 JavaThread "Monitor Deflation Thread"   daemon [_thread_blocked, id=17024, stack(0x00000027ff600000,0x00000027ff700000) (1024K)]
=>0x00000166a75f40c0 JavaThread "C2 CompilerThread0"         daemon [_thread_in_native, id=16160, stack(0x00000027ff700000,0x00000027ff800000) (1024K)]
  0x00000166a75f73c0 JavaThread "C1 CompilerThread0"         daemon [_thread_blocked, id=4624, stack(0x00000027ff800000,0x00000027ff900000) (1024K)]
  0x00000166e9ba9330 JavaThread "Common-Cleaner"             daemon [_thread_blocked, id=11892, stack(0x00000027ff900000,0x00000027ffa00000) (1024K)]
  0x00000166e9e444d0 JavaThread "Notification Thread"        daemon [_thread_blocked, id=16736, stack(0x00000027ffa00000,0x00000027ffb00000) (1024K)]
  0x00000166ef38e430 JavaThread "Active Thread: Equinox Container: 1f0a4eb0-3b38-4685-9572-a83665da9ab2"        [_thread_blocked, id=20968, stack(0x0000002780100000,0x0000002780200000) (1024K)]
  0x00000166ef6ec900 JavaThread "Refresh Thread: Equinox Container: 1f0a4eb0-3b38-4685-9572-a83665da9ab2" daemon [_thread_blocked, id=21304, stack(0x0000002780200000,0x0000002780300000) (1024K)]
  0x00000166ef589cd0 JavaThread "Framework Event Dispatcher: Equinox Container: 1f0a4eb0-3b38-4685-9572-a83665da9ab2" daemon [_thread_blocked, id=24948, stack(0x0000002780400000,0x0000002780500000) (1024K)]
  0x00000166ef5aee70 JavaThread "Start Level: Equinox Container: 1f0a4eb0-3b38-4685-9572-a83665da9ab2" daemon [_thread_blocked, id=15972, stack(0x0000002780500000,0x0000002780600000) (1024K)]
  0x00000166ef84f050 JavaThread "Bundle File Closer"         daemon [_thread_blocked, id=25996, stack(0x0000002780800000,0x0000002780900000) (1024K)]
  0x00000166e9c7d0e0 JavaThread "SCR Component Actor"        daemon [_thread_blocked, id=17796, stack(0x0000002780900000,0x0000002780a00000) (1024K)]
  0x00000166e9c22bc0 JavaThread "Worker-JM"                         [_thread_blocked, id=12480, stack(0x0000002780b00000,0x0000002780c00000) (1024K)]
  0x00000166e9c24c90 JavaThread "JNA Cleaner"                daemon [_thread_blocked, id=15788, stack(0x0000002780c00000,0x0000002780d00000) (1024K)]
  0x00000166e9c238e0 JavaThread "Worker-0"                          [_thread_blocked, id=19392, stack(0x0000002780d00000,0x0000002780e00000) (1024K)]
  0x00000166e9c23250 JavaThread "Worker-1: Java indexing... "        [_thread_blocked, id=24432, stack(0x0000002780e00000,0x0000002780f00000) (1024K)]
  0x00000166e9c25320 JavaThread "Java indexing"              daemon [_thread_in_Java, id=19988, stack(0x0000002780f00000,0x0000002781000000) (1024K)]
  0x00000166e9c259b0 JavaThread "Worker-2: Building"                [_thread_in_native, id=15508, stack(0x0000002781000000,0x0000002781100000) (1024K)]
  0x00000166e9c26040 JavaThread "Worker-3"                          [_thread_blocked, id=14888, stack(0x0000002781100000,0x0000002781200000) (1024K)]
  0x00000166eff2fe20 JavaThread "Worker-4"                          [_thread_blocked, id=9292, stack(0x0000002781200000,0x0000002781300000) (1024K)]
  0x00000166eff2d6c0 JavaThread "Thread-2"                   daemon [_thread_in_native, id=7932, stack(0x0000002781300000,0x0000002781400000) (1024K)]
  0x00000166eff304b0 JavaThread "Thread-3"                   daemon [_thread_in_native, id=10096, stack(0x0000002781400000,0x0000002781500000) (1024K)]
  0x00000166eff2ea70 JavaThread "Thread-4"                   daemon [_thread_in_native, id=19984, stack(0x0000002781500000,0x0000002781600000) (1024K)]
  0x00000166eff2bc80 JavaThread "Thread-5"                   daemon [_thread_in_native, id=19720, stack(0x0000002781600000,0x0000002781700000) (1024K)]
  0x00000166eff31ef0 JavaThread "Thread-6"                   daemon [_thread_in_native, id=4900, stack(0x0000002781700000,0x0000002781800000) (1024K)]
  0x00000166eff2af60 JavaThread "Thread-7"                   daemon [_thread_in_native, id=18360, stack(0x0000002781800000,0x0000002781900000) (1024K)]
  0x00000166eff2b5f0 JavaThread "Thread-8"                   daemon [_thread_in_native, id=22064, stack(0x0000002781900000,0x0000002781a00000) (1024K)]
  0x00000166eff2f790 JavaThread "Thread-9"                   daemon [_thread_in_native, id=16380, stack(0x0000002781a00000,0x0000002781b00000) (1024K)]
  0x00000166eff2dd50 JavaThread "Thread-10"                  daemon [_thread_in_native, id=19076, stack(0x0000002781b00000,0x0000002781c00000) (1024K)]
  0x00000166eff30b40 JavaThread "Thread-11"                  daemon [_thread_in_native, id=6516, stack(0x0000002781c00000,0x0000002781d00000) (1024K)]
  0x00000166eff311d0 JavaThread "Thread-12"                  daemon [_thread_in_native, id=20656, stack(0x0000002781d00000,0x0000002781e00000) (1024K)]
  0x00000166eff31860 JavaThread "Thread-13"                  daemon [_thread_in_native, id=25608, stack(0x0000002781e00000,0x0000002781f00000) (1024K)]
  0x00000166eff32580 JavaThread "Thread-14"                  daemon [_thread_in_native, id=25472, stack(0x0000002781f00000,0x0000002782000000) (1024K)]
  0x00000166eff2c310 JavaThread "pool-2-thread-1"                   [_thread_blocked, id=21292, stack(0x0000002782000000,0x0000002782100000) (1024K)]
  0x00000166eff2c9a0 JavaThread "WorkspaceEventsHandler"            [_thread_blocked, id=17868, stack(0x0000002782100000,0x0000002782200000) (1024K)]
  0x00000166eff2f100 JavaThread "pool-1-thread-1"                   [_thread_blocked, id=24788, stack(0x0000002782200000,0x0000002782300000) (1024K)]
  0x00000166eff2d030 JavaThread "Worker-5"                          [_thread_blocked, id=4076, stack(0x0000002782300000,0x0000002782400000) (1024K)]
Total: 42

Other Threads:
  0x00000166a75e4260 VMThread "VM Thread"                           [id=21196, stack(0x00000027ff000000,0x00000027ff100000) (1024K)]
  0x0000016693282c20 WatcherThread "VM Periodic Task Thread"        [id=21652, stack(0x00000027fef00000,0x00000027ff000000) (1024K)]
  0x00000166932370c0 WorkerThread "GC Thread#0"                     [id=16348, stack(0x00000027fee00000,0x00000027fef00000) (1024K)]
  0x00000166ef2dd340 WorkerThread "GC Thread#1"                     [id=19836, stack(0x00000027ffb00000,0x00000027ffc00000) (1024K)]
  0x00000166ef2e24a0 WorkerThread "GC Thread#2"                     [id=7304, stack(0x00000027ffc00000,0x00000027ffd00000) (1024K)]
  0x00000166ef2e2840 WorkerThread "GC Thread#3"                     [id=8872, stack(0x00000027ffd00000,0x00000027ffe00000) (1024K)]
  0x00000166ef31a2f0 WorkerThread "GC Thread#4"                     [id=21096, stack(0x00000027ffe00000,0x00000027fff00000) (1024K)]
  0x00000166ef31a690 WorkerThread "GC Thread#5"                     [id=23792, stack(0x00000027fff00000,0x0000002800000000) (1024K)]
  0x00000166ef47cca0 WorkerThread "GC Thread#6"                     [id=21704, stack(0x0000002780000000,0x0000002780100000) (1024K)]
  0x00000166ef6edb90 WorkerThread "GC Thread#7"                     [id=20944, stack(0x0000002780300000,0x0000002780400000) (1024K)]
  0x00000166ef940040 WorkerThread "GC Thread#8"                     [id=6976, stack(0x0000002780600000,0x0000002780700000) (1024K)]
  0x00000166ef64da90 WorkerThread "GC Thread#9"                     [id=18100, stack(0x0000002780700000,0x0000002780800000) (1024K)]
Total: 12

Threads with active compile tasks:
C2 CompilerThread0  24212 7460 % !   4       org.eclipse.jdt.internal.compiler.classfmt.ClassFileReader::<init> @ 81 (2135 bytes)
Total: 1

VM state: not at safepoint (normal execution)

VM Mutex/Monitor currently owned by a thread: None

Heap address: 0x00000000c0000000, size: 1024 MB, Compressed Oops mode: 32-bit

CDS archive(s) mapped at: [0x00000166a8000000-0x00000166a8ba0000-0x00000166a8ba0000), size 12189696, SharedBaseAddress: 0x00000166a8000000, ArchiveRelocationMode: 1.
Compressed class space mapped at: 0x00000166a9000000-0x00000166e9000000, reserved size: 1073741824
Narrow klass base: 0x00000166a8000000, Narrow klass shift: 0, Narrow klass range: 0x100000000

GC Precious Log:
 CardTable entry size: 512
 CPUs: 12 total, 12 available
 Memory: 5989M
 Large Page Support: Disabled
 NUMA Support: Disabled
 Compressed Oops: Enabled (32-bit)
 Alignments: Space 512K, Generation 512K, Heap 2M
 Heap Min Capacity: 100M
 Heap Initial Capacity: 100M
 Heap Max Capacity: 1G
 Pre-touch: Disabled
 Parallel Workers: 10

Heap:
 PSYoungGen      total 17408K, used 16024K [0x00000000eab00000, 0x00000000ecc80000, 0x0000000100000000)
  eden space 13824K, 90% used [0x00000000eab00000,0x00000000eb72acb0,0x00000000eb880000)
  from space 3584K, 99% used [0x00000000ec100000,0x00000000ec47b4a8,0x00000000ec480000)
  to   space 8704K, 0% used [0x00000000eb880000,0x00000000eb880000,0x00000000ec100000)
 ParOldGen       total 68608K, used 66060K [0x00000000c0000000, 0x00000000c4300000, 0x00000000eab00000)
  object space 68608K, 96% used [0x00000000c0000000,0x00000000c4083098,0x00000000c4300000)
 Metaspace       used 48495K, committed 49728K, reserved 1114112K
  class space    used 5135K, committed 5696K, reserved 1048576K

Card table byte_map: [0x0000016692bd0000,0x0000016692de0000] _byte_map_base: 0x00000166925d0000

Marking Bits: (ParMarkBitMap*) 0x00007ff8d3cb31f0
 Begin Bits: [0x00000166a5400000, 0x00000166a6400000)
 End Bits:   [0x00000166a6400000, 0x00000166a7400000)

Polling page: 0x0000016691210000

Metaspace:

Usage:
  Non-class:     42.34 MB used.
      Class:      5.02 MB used.
       Both:     47.36 MB used.

Virtual space:
  Non-class space:       64.00 MB reserved,      43.00 MB ( 67%) committed,  1 nodes.
      Class space:        1.00 GB reserved,       5.56 MB ( <1%) committed,  1 nodes.
             Both:        1.06 GB reserved,      48.56 MB (  4%) committed. 

Chunk freelists:
   Non-Class:  4.84 MB
       Class:  10.39 MB
        Both:  15.23 MB

MaxMetaspaceSize: unlimited
CompressedClassSpaceSize: 1.00 GB
Initial GC threshold: 21.00 MB
Current GC threshold: 58.38 MB
CDS: on
 - commit_granule_bytes: 65536.
 - commit_granule_words: 8192.
 - virtual_space_node_default_size: 8388608.
 - enlarge_chunks_in_place: 1.
 - use_allocation_guard: 0.


Internal statistics:

num_allocs_failed_limit: 6.
num_arena_births: 1014.
num_arena_deaths: 14.
num_vsnodes_births: 2.
num_vsnodes_deaths: 0.
num_space_committed: 777.
num_space_uncommitted: 0.
num_chunks_returned_to_freelist: 20.
num_chunks_taken_from_freelist: 3279.
num_chunk_merges: 12.
num_chunk_splits: 1999.
num_chunks_enlarged: 1089.
num_inconsistent_stats: 0.

CodeHeap 'non-profiled nmethods': size=120000Kb used=2248Kb max_used=2248Kb free=117751Kb
 bounds [0x000001669ded0000, 0x000001669e140000, 0x00000166a5400000]
CodeHeap 'profiled nmethods': size=120000Kb used=13708Kb max_used=13708Kb free=106292Kb
 bounds [0x0000016696400000, 0x0000016697170000, 0x000001669d930000]
CodeHeap 'non-nmethods': size=5760Kb used=1385Kb max_used=1436Kb free=4374Kb
 bounds [0x000001669d930000, 0x000001669dba0000, 0x000001669ded0000]
 total_blobs=7523 nmethods=6836 adapters=593
 compilation: enabled
              stopped_count=0, restarted_count=0
 full_count=0

Compilation events (20 events):
Event: 23.733 Thread 0x00000166a75f73c0 7464       2       java.util.stream.Collectors$CollectorImpl::<init> (13 bytes)
Event: 23.734 Thread 0x00000166a75f73c0 nmethod 7464 0x0000016697158110 code [0x00000166971582a0, 0x0000016697158410]
Event: 23.734 Thread 0x00000166a75f73c0 7465       2       java.util.stream.Collectors::castingIdentity (6 bytes)
Event: 23.734 Thread 0x00000166a75f73c0 nmethod 7465 0x0000016697158510 code [0x00000166971586a0, 0x0000016697158790]
Event: 23.768 Thread 0x00000166a75f73c0 7466       2       java.util.LinkedHashMap::sequencedKeySet (31 bytes)
Event: 23.768 Thread 0x00000166a75f73c0 nmethod 7466 0x0000016697158810 code [0x00000166971589c0, 0x0000016697158be0]
Event: 23.811 Thread 0x00000166a75f73c0 7467       2       java.util.ArrayList$ArrayListSpliterator::forEachRemaining (127 bytes)
Event: 23.812 Thread 0x00000166a75f73c0 nmethod 7467 0x0000016697158d10 code [0x0000016697158f00, 0x00000166971592d8]
Event: 23.960 Thread 0x00000166a75f73c0 7470       2       org.eclipse.jdt.internal.core.search.indexing.BinaryIndexer::removeFirstSyntheticParameter (73 bytes)
Event: 23.960 Thread 0x00000166a75f73c0 nmethod 7470 0x0000016697159510 code [0x0000016697159700, 0x0000016697159af0]
Event: 23.975 Thread 0x00000166a75f73c0 7471       2       org.eclipse.jdt.core.Signature::encodeTypeSignature (908 bytes)
Event: 23.977 Thread 0x00000166a75f73c0 nmethod 7471 0x0000016697159c90 code [0x000001669715a220, 0x000001669715b930]
Event: 23.977 Thread 0x00000166a75f73c0 7472       2       org.eclipse.jdt.core.Signature::createCharArrayTypeSignature (102 bytes)
Event: 23.978 Thread 0x00000166a75f73c0 nmethod 7472 0x000001669715c910 code [0x000001669715cb60, 0x000001669715d2b8]
Event: 24.108 Thread 0x00000166a75f73c0 7474       2       org.eclipse.jdt.internal.compiler.classfmt.AnnotationInfo::scanElementValue (256 bytes)
Event: 24.109 Thread 0x00000166a75f73c0 nmethod 7474 0x000001669715d690 code [0x000001669715d880, 0x000001669715dd80]
Event: 24.119 Thread 0x00000166a75f73c0 7476       2       org.eclipse.jdt.internal.compiler.classfmt.AnnotationInfo::decodeDefaultValue (871 bytes)
Event: 24.123 Thread 0x00000166a75f73c0 nmethod 7476 0x000001669715e090 code [0x000001669715e520, 0x000001669715fd48]
Event: 24.147 Thread 0x00000166a75f73c0 7477       2       org.eclipse.jdt.internal.core.search.indexing.AbstractIndexer::addInterfaceDeclaration (86 bytes)
Event: 24.149 Thread 0x00000166a75f73c0 nmethod 7477 0x0000016697160c10 code [0x0000016697160e40, 0x0000016697161480]

GC Heap History (20 events):
Event: 22.644 GC heap before
{Heap before GC invocations=27 (full 2):
 PSYoungGen      total 19968K, used 19947K [0x00000000eab00000, 0x00000000eca00000, 0x0000000100000000)
  eden space 17408K, 100% used [0x00000000eab00000,0x00000000ebc00000,0x00000000ebc00000)
  from space 2560K, 99% used [0x00000000ec180000,0x00000000ec3fac70,0x00000000ec400000)
  to   space 5632K, 0% used [0x00000000ebc00000,0x00000000ebc00000,0x00000000ec180000)
 ParOldGen       total 68608K, used 36129K [0x00000000c0000000, 0x00000000c4300000, 0x00000000eab00000)
  object space 68608K, 52% used [0x00000000c0000000,0x00000000c2348668,0x00000000c4300000)
 Metaspace       used 46983K, committed 48192K, reserved 1114112K
  class space    used 4980K, committed 5504K, reserved 1048576K
}
Event: 22.648 GC heap after
{Heap after GC invocations=27 (full 2):
 PSYoungGen      total 19456K, used 1813K [0x00000000eab00000, 0x00000000ec200000, 0x0000000100000000)
  eden space 17408K, 0% used [0x00000000eab00000,0x00000000eab00000,0x00000000ebc00000)
  from space 2048K, 88% used [0x00000000ebc00000,0x00000000ebdc5640,0x00000000ebe00000)
  to   space 3072K, 0% used [0x00000000ebf00000,0x00000000ebf00000,0x00000000ec200000)
 ParOldGen       total 68608K, used 38552K [0x00000000c0000000, 0x00000000c4300000, 0x00000000eab00000)
  object space 68608K, 56% used [0x00000000c0000000,0x00000000c25a60a0,0x00000000c4300000)
 Metaspace       used 46983K, committed 48192K, reserved 1114112K
  class space    used 4980K, committed 5504K, reserved 1048576K
}
Event: 22.707 GC heap before
{Heap before GC invocations=28 (full 2):
 PSYoungGen      total 19456K, used 19221K [0x00000000eab00000, 0x00000000ec200000, 0x0000000100000000)
  eden space 17408K, 100% used [0x00000000eab00000,0x00000000ebc00000,0x00000000ebc00000)
  from space 2048K, 88% used [0x00000000ebc00000,0x00000000ebdc5640,0x00000000ebe00000)
  to   space 3072K, 0% used [0x00000000ebf00000,0x00000000ebf00000,0x00000000ec200000)
 ParOldGen       total 68608K, used 38552K [0x00000000c0000000, 0x00000000c4300000, 0x00000000eab00000)
  object space 68608K, 56% used [0x00000000c0000000,0x00000000c25a60a0,0x00000000c4300000)
 Metaspace       used 47191K, committed 48448K, reserved 1114112K
  class space    used 5001K, committed 5568K, reserved 1048576K
}
Event: 22.710 GC heap after
{Heap after GC invocations=28 (full 2):
 PSYoungGen      total 19456K, used 1863K [0x00000000eab00000, 0x00000000ec100000, 0x0000000100000000)
  eden space 17408K, 0% used [0x00000000eab00000,0x00000000eab00000,0x00000000ebc00000)
  from space 2048K, 90% used [0x00000000ebf00000,0x00000000ec0d1e30,0x00000000ec100000)
  to   space 2048K, 0% used [0x00000000ebc00000,0x00000000ebc00000,0x00000000ebe00000)
 ParOldGen       total 68608K, used 40196K [0x00000000c0000000, 0x00000000c4300000, 0x00000000eab00000)
  object space 68608K, 58% used [0x00000000c0000000,0x00000000c2741270,0x00000000c4300000)
 Metaspace       used 47191K, committed 48448K, reserved 1114112K
  class space    used 5001K, committed 5568K, reserved 1048576K
}
Event: 22.808 GC heap before
{Heap before GC invocations=29 (full 2):
 PSYoungGen      total 19456K, used 18601K [0x00000000eab00000, 0x00000000ec100000, 0x0000000100000000)
  eden space 17408K, 96% used [0x00000000eab00000,0x00000000ebb586f8,0x00000000ebc00000)
  from space 2048K, 90% used [0x00000000ebf00000,0x00000000ec0d1e30,0x00000000ec100000)
  to   space 2048K, 0% used [0x00000000ebc00000,0x00000000ebc00000,0x00000000ebe00000)
 ParOldGen       total 68608K, used 40196K [0x00000000c0000000, 0x00000000c4300000, 0x00000000eab00000)
  object space 68608K, 58% used [0x00000000c0000000,0x00000000c2741270,0x00000000c4300000)
 Metaspace       used 47374K, committed 48640K, reserved 1114112K
  class space    used 5018K, committed 5568K, reserved 1048576K
}
Event: 22.810 GC heap after
{Heap after GC invocations=29 (full 2):
 PSYoungGen      total 19456K, used 2020K [0x00000000eab00000, 0x00000000ec500000, 0x0000000100000000)
  eden space 17408K, 0% used [0x00000000eab00000,0x00000000eab00000,0x00000000ebc00000)
  from space 2048K, 98% used [0x00000000ebc00000,0x00000000ebdf9120,0x00000000ebe00000)
  to   space 4608K, 0% used [0x00000000ec080000,0x00000000ec080000,0x00000000ec500000)
 ParOldGen       total 68608K, used 42190K [0x00000000c0000000, 0x00000000c4300000, 0x00000000eab00000)
  object space 68608K, 61% used [0x00000000c0000000,0x00000000c29338e8,0x00000000c4300000)
 Metaspace       used 47374K, committed 48640K, reserved 1114112K
  class space    used 5018K, committed 5568K, reserved 1048576K
}
Event: 22.921 GC heap before
{Heap before GC invocations=30 (full 2):
 PSYoungGen      total 19456K, used 19428K [0x00000000eab00000, 0x00000000ec500000, 0x0000000100000000)
  eden space 17408K, 100% used [0x00000000eab00000,0x00000000ebc00000,0x00000000ebc00000)
  from space 2048K, 98% used [0x00000000ebc00000,0x00000000ebdf9120,0x00000000ebe00000)
  to   space 4608K, 0% used [0x00000000ec080000,0x00000000ec080000,0x00000000ec500000)
 ParOldGen       total 68608K, used 42190K [0x00000000c0000000, 0x00000000c4300000, 0x00000000eab00000)
  object space 68608K, 61% used [0x00000000c0000000,0x00000000c29338e8,0x00000000c4300000)
 Metaspace       used 47774K, committed 49024K, reserved 1114112K
  class space    used 5046K, committed 5632K, reserved 1048576K
}
Event: 22.927 GC heap after
{Heap after GC invocations=30 (full 2):
 PSYoungGen      total 21504K, used 4526K [0x00000000eab00000, 0x00000000ec600000, 0x0000000100000000)
  eden space 16896K, 0% used [0x00000000eab00000,0x00000000eab00000,0x00000000ebb80000)
  from space 4608K, 98% used [0x00000000ec080000,0x00000000ec4eb988,0x00000000ec500000)
  to   space 5120K, 0% used [0x00000000ebb80000,0x00000000ebb80000,0x00000000ec080000)
 ParOldGen       total 68608K, used 44067K [0x00000000c0000000, 0x00000000c4300000, 0x00000000eab00000)
  object space 68608K, 64% used [0x00000000c0000000,0x00000000c2b08dd0,0x00000000c4300000)
 Metaspace       used 47774K, committed 49024K, reserved 1114112K
  class space    used 5046K, committed 5632K, reserved 1048576K
}
Event: 23.057 GC heap before
{Heap before GC invocations=31 (full 2):
 PSYoungGen      total 21504K, used 21422K [0x00000000eab00000, 0x00000000ec600000, 0x0000000100000000)
  eden space 16896K, 100% used [0x00000000eab00000,0x00000000ebb80000,0x00000000ebb80000)
  from space 4608K, 98% used [0x00000000ec080000,0x00000000ec4eb988,0x00000000ec500000)
  to   space 5120K, 0% used [0x00000000ebb80000,0x00000000ebb80000,0x00000000ec080000)
 ParOldGen       total 68608K, used 44067K [0x00000000c0000000, 0x00000000c4300000, 0x00000000eab00000)
  object space 68608K, 64% used [0x00000000c0000000,0x00000000c2b08dd0,0x00000000c4300000)
 Metaspace       used 48100K, committed 49280K, reserved 1114112K
  class space    used 5089K, committed 5632K, reserved 1048576K
}
Event: 23.061 GC heap after
{Heap after GC invocations=31 (full 2):
 PSYoungGen      total 20480K, used 3378K [0x00000000eab00000, 0x00000000ec380000, 0x0000000100000000)
  eden space 16896K, 0% used [0x00000000eab00000,0x00000000eab00000,0x00000000ebb80000)
  from space 3584K, 94% used [0x00000000ebb80000,0x00000000ebecc8b8,0x00000000ebf00000)
  to   space 4096K, 0% used [0x00000000ebf80000,0x00000000ebf80000,0x00000000ec380000)
 ParOldGen       total 68608K, used 48303K [0x00000000c0000000, 0x00000000c4300000, 0x00000000eab00000)
  object space 68608K, 70% used [0x00000000c0000000,0x00000000c2f2bfe8,0x00000000c4300000)
 Metaspace       used 48100K, committed 49280K, reserved 1114112K
  class space    used 5089K, committed 5632K, reserved 1048576K
}
Event: 23.190 GC heap before
{Heap before GC invocations=32 (full 2):
 PSYoungGen      total 20480K, used 20274K [0x00000000eab00000, 0x00000000ec380000, 0x0000000100000000)
  eden space 16896K, 100% used [0x00000000eab00000,0x00000000ebb80000,0x00000000ebb80000)
  from space 3584K, 94% used [0x00000000ebb80000,0x00000000ebecc8b8,0x00000000ebf00000)
  to   space 4096K, 0% used [0x00000000ebf80000,0x00000000ebf80000,0x00000000ec380000)
 ParOldGen       total 68608K, used 48303K [0x00000000c0000000, 0x00000000c4300000, 0x00000000eab00000)
  object space 68608K, 70% used [0x00000000c0000000,0x00000000c2f2bfe8,0x00000000c4300000)
 Metaspace       used 48276K, committed 49408K, reserved 1114112K
  class space    used 5105K, committed 5632K, reserved 1048576K
}
Event: 23.193 GC heap after
{Heap after GC invocations=32 (full 2):
 PSYoungGen      total 20480K, used 3153K [0x00000000eab00000, 0x00000000ec300000, 0x0000000100000000)
  eden space 16896K, 0% used [0x00000000eab00000,0x00000000eab00000,0x00000000ebb80000)
  from space 3584K, 87% used [0x00000000ebf80000,0x00000000ec294600,0x00000000ec300000)
  to   space 3584K, 0% used [0x00000000ebb80000,0x00000000ebb80000,0x00000000ebf00000)
 ParOldGen       total 68608K, used 51398K [0x00000000c0000000, 0x00000000c4300000, 0x00000000eab00000)
  object space 68608K, 74% used [0x00000000c0000000,0x00000000c32318c0,0x00000000c4300000)
 Metaspace       used 48276K, committed 49408K, reserved 1114112K
  class space    used 5105K, committed 5632K, reserved 1048576K
}
Event: 23.335 GC heap before
{Heap before GC invocations=33 (full 2):
 PSYoungGen      total 20480K, used 20049K [0x00000000eab00000, 0x00000000ec300000, 0x0000000100000000)
  eden space 16896K, 100% used [0x00000000eab00000,0x00000000ebb80000,0x00000000ebb80000)
  from space 3584K, 87% used [0x00000000ebf80000,0x00000000ec294600,0x00000000ec300000)
  to   space 3584K, 0% used [0x00000000ebb80000,0x00000000ebb80000,0x00000000ebf00000)
 ParOldGen       total 68608K, used 51398K [0x00000000c0000000, 0x00000000c4300000, 0x00000000eab00000)
  object space 68608K, 74% used [0x00000000c0000000,0x00000000c32318c0,0x00000000c4300000)
 Metaspace       used 48480K, committed 49728K, reserved 1114112K
  class space    used 5135K, committed 5696K, reserved 1048576K
}
Event: 23.340 GC heap after
{Heap after GC invocations=33 (full 2):
 PSYoungGen      total 20480K, used 3572K [0x00000000eab00000, 0x00000000eca80000, 0x0000000100000000)
  eden space 16896K, 0% used [0x00000000eab00000,0x00000000eab00000,0x00000000ebb80000)
  from space 3584K, 99% used [0x00000000ebb80000,0x00000000ebefd000,0x00000000ebf00000)
  to   space 7680K, 0% used [0x00000000ec300000,0x00000000ec300000,0x00000000eca80000)
 ParOldGen       total 68608K, used 54724K [0x00000000c0000000, 0x00000000c4300000, 0x00000000eab00000)
  object space 68608K, 79% used [0x00000000c0000000,0x00000000c3571318,0x00000000c4300000)
 Metaspace       used 48480K, committed 49728K, reserved 1114112K
  class space    used 5135K, committed 5696K, reserved 1048576K
}
Event: 23.530 GC heap before
{Heap before GC invocations=34 (full 2):
 PSYoungGen      total 20480K, used 20468K [0x00000000eab00000, 0x00000000eca80000, 0x0000000100000000)
  eden space 16896K, 100% used [0x00000000eab00000,0x00000000ebb80000,0x00000000ebb80000)
  from space 3584K, 99% used [0x00000000ebb80000,0x00000000ebefd000,0x00000000ebf00000)
  to   space 7680K, 0% used [0x00000000ec300000,0x00000000ec300000,0x00000000eca80000)
 ParOldGen       total 68608K, used 54724K [0x00000000c0000000, 0x00000000c4300000, 0x00000000eab00000)
  object space 68608K, 79% used [0x00000000c0000000,0x00000000c3571318,0x00000000c4300000)
 Metaspace       used 48480K, committed 49728K, reserved 1114112K
  class space    used 5135K, committed 5696K, reserved 1048576K
}
Event: 23.538 GC heap after
{Heap after GC invocations=34 (full 2):
 PSYoungGen      total 20992K, used 4094K [0x00000000eab00000, 0x00000000ec700000, 0x0000000100000000)
  eden space 16896K, 0% used [0x00000000eab00000,0x00000000eab00000,0x00000000ebb80000)
  from space 4096K, 99% used [0x00000000ec300000,0x00000000ec6ff988,0x00000000ec700000)
  to   space 5120K, 0% used [0x00000000ebd00000,0x00000000ebd00000,0x00000000ec200000)
 ParOldGen       total 68608K, used 58171K [0x00000000c0000000, 0x00000000c4300000, 0x00000000eab00000)
  object space 68608K, 84% used [0x00000000c0000000,0x00000000c38cef10,0x00000000c4300000)
 Metaspace       used 48480K, committed 49728K, reserved 1114112K
  class space    used 5135K, committed 5696K, reserved 1048576K
}
Event: 23.914 GC heap before
{Heap before GC invocations=35 (full 2):
 PSYoungGen      total 20992K, used 20990K [0x00000000eab00000, 0x00000000ec700000, 0x0000000100000000)
  eden space 16896K, 100% used [0x00000000eab00000,0x00000000ebb80000,0x00000000ebb80000)
  from space 4096K, 99% used [0x00000000ec300000,0x00000000ec6ff988,0x00000000ec700000)
  to   space 5120K, 0% used [0x00000000ebd00000,0x00000000ebd00000,0x00000000ec200000)
 ParOldGen       total 68608K, used 58171K [0x00000000c0000000, 0x00000000c4300000, 0x00000000eab00000)
  object space 68608K, 84% used [0x00000000c0000000,0x00000000c38cef10,0x00000000c4300000)
 Metaspace       used 48485K, committed 49728K, reserved 1114112K
  class space    used 5135K, committed 5696K, reserved 1048576K
}
Event: 23.921 GC heap after
{Heap after GC invocations=35 (full 2):
 PSYoungGen      total 20992K, used 3997K [0x00000000eab00000, 0x00000000ec480000, 0x0000000100000000)
  eden space 16896K, 0% used [0x00000000eab00000,0x00000000eab00000,0x00000000ebb80000)
  from space 4096K, 97% used [0x00000000ebd00000,0x00000000ec0e76d8,0x00000000ec100000)
  to   space 3584K, 0% used [0x00000000ec100000,0x00000000ec100000,0x00000000ec480000)
 ParOldGen       total 68608K, used 61969K [0x00000000c0000000, 0x00000000c4300000, 0x00000000eab00000)
  object space 68608K, 90% used [0x00000000c0000000,0x00000000c3c84578,0x00000000c4300000)
 Metaspace       used 48485K, committed 49728K, reserved 1114112K
  class space    used 5135K, committed 5696K, reserved 1048576K
}
Event: 24.086 GC heap before
{Heap before GC invocations=36 (full 2):
 PSYoungGen      total 20992K, used 20888K [0x00000000eab00000, 0x00000000ec480000, 0x0000000100000000)
  eden space 16896K, 99% used [0x00000000eab00000,0x00000000ebb7e9b0,0x00000000ebb80000)
  from space 4096K, 97% used [0x00000000ebd00000,0x00000000ec0e76d8,0x00000000ec100000)
  to   space 3584K, 0% used [0x00000000ec100000,0x00000000ec100000,0x00000000ec480000)
 ParOldGen       total 68608K, used 61969K [0x00000000c0000000, 0x00000000c4300000, 0x00000000eab00000)
  object space 68608K, 90% used [0x00000000c0000000,0x00000000c3c84578,0x00000000c4300000)
 Metaspace       used 48490K, committed 49728K, reserved 1114112K
  class space    used 5135K, committed 5696K, reserved 1048576K
}
Event: 24.090 GC heap after
{Heap after GC invocations=36 (full 2):
 PSYoungGen      total 17408K, used 3565K [0x00000000eab00000, 0x00000000ecc80000, 0x0000000100000000)
  eden space 13824K, 0% used [0x00000000eab00000,0x00000000eab00000,0x00000000eb880000)
  from space 3584K, 99% used [0x00000000ec100000,0x00000000ec47b4a8,0x00000000ec480000)
  to   space 8704K, 0% used [0x00000000eb880000,0x00000000eb880000,0x00000000ec100000)
 ParOldGen       total 68608K, used 66060K [0x00000000c0000000, 0x00000000c4300000, 0x00000000eab00000)
  object space 68608K, 96% used [0x00000000c0000000,0x00000000c4083098,0x00000000c4300000)
 Metaspace       used 48490K, committed 49728K, reserved 1114112K
  class space    used 5135K, committed 5696K, reserved 1048576K
}

Dll operation events (10 events):
Event: 0.013 Loaded shared library c:\Users\miguel\.vscode\extensions\redhat.java-1.42.0-win32-x64\jre\21.0.7-win32-x86_64\bin\java.dll
Event: 0.126 Loaded shared library c:\Users\miguel\.vscode\extensions\redhat.java-1.42.0-win32-x64\jre\21.0.7-win32-x86_64\bin\zip.dll
Event: 0.157 Loaded shared library C:\Users\miguel\.vscode\extensions\redhat.java-1.42.0-win32-x64\jre\21.0.7-win32-x86_64\bin\instrument.dll
Event: 0.162 Loaded shared library C:\Users\miguel\.vscode\extensions\redhat.java-1.42.0-win32-x64\jre\21.0.7-win32-x86_64\bin\net.dll
Event: 0.165 Loaded shared library C:\Users\miguel\.vscode\extensions\redhat.java-1.42.0-win32-x64\jre\21.0.7-win32-x86_64\bin\nio.dll
Event: 0.168 Loaded shared library C:\Users\miguel\.vscode\extensions\redhat.java-1.42.0-win32-x64\jre\21.0.7-win32-x86_64\bin\zip.dll
Event: 0.187 Loaded shared library C:\Users\miguel\.vscode\extensions\redhat.java-1.42.0-win32-x64\jre\21.0.7-win32-x86_64\bin\jimage.dll
Event: 0.281 Loaded shared library c:\Users\miguel\.vscode\extensions\redhat.java-1.42.0-win32-x64\jre\21.0.7-win32-x86_64\bin\verify.dll
Event: 5.125 Loaded shared library C:\Users\miguel\AppData\Roaming\Code\User\globalStorage\redhat.java\1.42.0\config_win\org.eclipse.equinox.launcher\org.eclipse.equinox.launcher.win32.win32.x86_64_1.2.1300.v20250331-1702\eclipse_11911.dll
Event: 17.784 Loaded shared library C:\Users\miguel\AppData\Local\Temp\jna--1074235983\jna10370666686707273154.dll

Deoptimization events (20 events):
Event: 23.738 Thread 0x00000166e9c25320 DEOPT PACKING pc=0x0000016696f9ca53 sp=0x0000002780ffe980
Event: 23.738 Thread 0x00000166e9c25320 DEOPT UNPACKING pc=0x000001669d984242 sp=0x0000002780ffdee8 mode 0
Event: 23.775 Thread 0x00000166e9c25320 DEOPT PACKING pc=0x0000016696f9ca53 sp=0x0000002780ffe980
Event: 23.775 Thread 0x00000166e9c25320 DEOPT UNPACKING pc=0x000001669d984242 sp=0x0000002780ffdee8 mode 0
Event: 23.811 Thread 0x00000166e9c25320 DEOPT PACKING pc=0x0000016696f9ca53 sp=0x0000002780ffe980
Event: 23.811 Thread 0x00000166e9c25320 DEOPT UNPACKING pc=0x000001669d984242 sp=0x0000002780ffdee8 mode 0
Event: 23.840 Thread 0x00000166e9c25320 DEOPT PACKING pc=0x0000016696f9ca53 sp=0x0000002780ffe980
Event: 23.840 Thread 0x00000166e9c25320 DEOPT UNPACKING pc=0x000001669d984242 sp=0x0000002780ffdee8 mode 0
Event: 23.929 Thread 0x00000166e9c25320 DEOPT PACKING pc=0x0000016696f9ca53 sp=0x0000002780ffe980
Event: 23.929 Thread 0x00000166e9c25320 DEOPT UNPACKING pc=0x000001669d984242 sp=0x0000002780ffdee8 mode 0
Event: 23.989 Thread 0x00000166e9c25320 DEOPT PACKING pc=0x0000016696f9ca53 sp=0x0000002780ffe980
Event: 23.989 Thread 0x00000166e9c25320 DEOPT UNPACKING pc=0x000001669d984242 sp=0x0000002780ffdee8 mode 0
Event: 24.018 Thread 0x00000166e9c25320 DEOPT PACKING pc=0x0000016696f9ca53 sp=0x0000002780ffe980
Event: 24.018 Thread 0x00000166e9c25320 DEOPT UNPACKING pc=0x000001669d984242 sp=0x0000002780ffdee8 mode 0
Event: 24.028 Thread 0x00000166e9c25320 DEOPT PACKING pc=0x0000016696f9ca53 sp=0x0000002780ffe980
Event: 24.028 Thread 0x00000166e9c25320 DEOPT UNPACKING pc=0x000001669d984242 sp=0x0000002780ffdee8 mode 0
Event: 24.052 Thread 0x00000166e9c25320 DEOPT PACKING pc=0x0000016696f9ca53 sp=0x0000002780ffe980
Event: 24.052 Thread 0x00000166e9c25320 DEOPT UNPACKING pc=0x000001669d984242 sp=0x0000002780ffdee8 mode 0
Event: 24.114 Thread 0x00000166e9c25320 DEOPT PACKING pc=0x0000016696f9ca53 sp=0x0000002780ffe980
Event: 24.114 Thread 0x00000166e9c25320 DEOPT UNPACKING pc=0x000001669d984242 sp=0x0000002780ffdee8 mode 0

Classes loaded (20 events):
Event: 21.643 Loading class java/nio/channels/Channels$ReadableByteChannelImpl
Event: 21.643 Loading class java/nio/channels/Channels$ReadableByteChannelImpl done
Event: 21.643 Loading class java/nio/channels/NonWritableChannelException
Event: 21.643 Loading class java/nio/channels/NonWritableChannelException done
Event: 22.034 Loading class java/util/AbstractList$ListItr
Event: 22.035 Loading class java/util/AbstractList$ListItr done
Event: 22.312 Loading class java/lang/ProcessEnvironment$CheckedKeySet
Event: 22.312 Loading class java/lang/ProcessEnvironment$CheckedKeySet done
Event: 22.349 Loading class java/lang/invoke/MethodHandleImpl$CountingWrapper
Event: 22.349 Loading class java/lang/invoke/MethodHandleImpl$CountingWrapper done
Event: 22.631 Loading class java/util/regex/Pattern$Pos
Event: 22.631 Loading class java/util/regex/Pattern$Pos done
Event: 22.667 Loading class sun/security/provider/MD5
Event: 22.667 Loading class sun/security/provider/MD5 done
Event: 22.668 Loading class sun/security/provider/ByteArrayAccess$LE
Event: 22.668 Loading class sun/security/provider/ByteArrayAccess$LE done
Event: 22.811 Loading class java/util/WeakHashMap$KeyIterator
Event: 22.811 Loading class java/util/WeakHashMap$KeyIterator done
Event: 23.248 Loading class sun/nio/ch/WindowsAsynchronousFileChannelImpl$WriteTask
Event: 23.249 Loading class sun/nio/ch/WindowsAsynchronousFileChannelImpl$WriteTask done

Classes unloaded (7 events):
Event: 18.560 Thread 0x00000166a75e4260 Unloading class 0x00000166a91a4400 'java/lang/invoke/LambdaForm$MH+0x00000166a91a4400'
Event: 18.560 Thread 0x00000166a75e4260 Unloading class 0x00000166a91a4000 'java/lang/invoke/LambdaForm$MH+0x00000166a91a4000'
Event: 18.560 Thread 0x00000166a75e4260 Unloading class 0x00000166a91a3c00 'java/lang/invoke/LambdaForm$MH+0x00000166a91a3c00'
Event: 18.560 Thread 0x00000166a75e4260 Unloading class 0x00000166a91a3800 'java/lang/invoke/LambdaForm$MH+0x00000166a91a3800'
Event: 18.560 Thread 0x00000166a75e4260 Unloading class 0x00000166a91a3400 'java/lang/invoke/LambdaForm$BMH+0x00000166a91a3400'
Event: 18.560 Thread 0x00000166a75e4260 Unloading class 0x00000166a91a3000 'java/lang/invoke/LambdaForm$DMH+0x00000166a91a3000'
Event: 18.560 Thread 0x00000166a75e4260 Unloading class 0x00000166a91a1c00 'java/lang/invoke/LambdaForm$DMH+0x00000166a91a1c00'

Classes redefined (0 events):
No events

Internal exceptions (20 events):
Event: 21.604 Thread 0x00000166e9c238e0 Exception <a 'java/lang/NoSuchMethodError'{0x00000000eb4f4a58}: 'java.lang.Object java.lang.invoke.Invokers$Holder.invokeExact_MT(java.lang.Object, int, java.lang.Object)'> (0x00000000eb4f4a58) 
thrown [s\src\hotspot\share\interpreter\linkResolver.cpp, line 773]
Event: 21.613 Thread 0x00000166e9c259b0 Exception <a 'sun/nio/fs/WindowsException'{0x00000000eb5ba6f8}> (0x00000000eb5ba6f8) 
thrown [s\src\hotspot\share\prims\jni.cpp, line 520]
Event: 21.613 Thread 0x00000166e9c259b0 Exception <a 'sun/nio/fs/WindowsException'{0x00000000eb5bafd8}> (0x00000000eb5bafd8) 
thrown [s\src\hotspot\share\prims\jni.cpp, line 520]
Event: 21.684 Thread 0x00000166e9c25320 Exception <a 'java/io/FileNotFoundException'{0x00000000ebc4c388}> (0x00000000ebc4c388) 
thrown [s\src\hotspot\share\prims\jni.cpp, line 520]
Event: 21.685 Thread 0x00000166e9c25320 Exception <a 'java/io/FileNotFoundException'{0x00000000ebc4d638}> (0x00000000ebc4d638) 
thrown [s\src\hotspot\share\prims\jni.cpp, line 520]
Event: 21.687 Thread 0x00000166e9c25320 Exception <a 'java/lang/NoSuchMethodError'{0x00000000ebce4a00}: 'java.lang.Object java.lang.invoke.DirectMethodHandle$Holder.newInvokeSpecial(java.lang.Object, java.lang.Object, java.lang.Object, int)'> (0x00000000ebce4a00) 
thrown [s\src\hotspot\share\interpreter\linkResolver.cpp, line 773]
Event: 21.690 Thread 0x00000166e9c25320 Exception <a 'java/lang/NoSuchMethodError'{0x00000000ebce86b8}: 'java.lang.Object java.lang.invoke.DirectMethodHandle$Holder.invokeSpecial(java.lang.Object, java.lang.Object, java.lang.Object, java.lang.Object, int)'> (0x00000000ebce86b8) 
thrown [s\src\hotspot\share\interpreter\linkResolver.cpp, line 773]
Event: 21.690 Thread 0x00000166e9c25320 Exception <a 'java/lang/NoSuchMethodError'{0x00000000ebcebb60}: 'java.lang.Object java.lang.invoke.Invokers$Holder.linkToTargetMethod(java.lang.Object, java.lang.Object, int, java.lang.Object)'> (0x00000000ebcebb60) 
thrown [s\src\hotspot\share\interpreter\linkResolver.cpp, line 773]
Event: 22.262 Thread 0x00000166e9c238e0 Exception <a 'java/lang/NoClassDefFoundError'{0x00000000eaeb0710}: com/google/inject/servlet/ServletModuleTargetVisitor> (0x00000000eaeb0710) 
thrown [s\src\hotspot\share\classfile\systemDictionary.cpp, line 301]
Event: 22.348 Thread 0x00000166e9c238e0 Exception <a 'java/lang/NoSuchMethodError'{0x00000000eb8939e8}: 'java.lang.Object java.lang.invoke.DirectMethodHandle$Holder.invokeStatic(java.lang.Object, int, java.lang.Object, java.lang.Object)'> (0x00000000eb8939e8) 
thrown [s\src\hotspot\share\interpreter\linkResolver.cpp, line 773]
Event: 22.349 Thread 0x00000166e9c238e0 Exception <a 'java/lang/NoSuchMethodError'{0x00000000eb8971e8}: 'java.lang.Object java.lang.invoke.DelegatingMethodHandle$Holder.delegate(java.lang.Object, int, java.lang.Object, java.lang.Object)'> (0x00000000eb8971e8) 
thrown [s\src\hotspot\share\interpreter\linkResolver.cpp, line 773]
Event: 22.353 Thread 0x00000166e9c238e0 Exception <a 'java/lang/NoSuchMethodError'{0x00000000eb8f5890}: 'int java.lang.invoke.Invokers$Holder.linkToTargetMethod(java.lang.Object, java.lang.Object, java.lang.Object)'> (0x00000000eb8f5890) 
thrown [s\src\hotspot\share\interpreter\linkResolver.cpp, line 773]
Event: 22.805 Thread 0x00000166e9c25320 Implicit null exception at 0x000001669e0c005a to 0x000001669e0c0158
Event: 22.819 Thread 0x00000166e9c259b0 Exception <a 'java/io/FileNotFoundException'{0x00000000eabe7ba0}> (0x00000000eabe7ba0) 
thrown [s\src\hotspot\share\prims\jni.cpp, line 520]
Event: 22.820 Thread 0x00000166e9c259b0 Exception <a 'java/io/FileNotFoundException'{0x00000000eabe8be0}> (0x00000000eabe8be0) 
thrown [s\src\hotspot\share\prims\jni.cpp, line 520]
Event: 22.820 Thread 0x00000166e9c259b0 Exception <a 'java/io/FileNotFoundException'{0x00000000eabe9978}> (0x00000000eabe9978) 
thrown [s\src\hotspot\share\prims\jni.cpp, line 520]
Event: 22.960 Thread 0x00000166e9c259b0 Exception <a 'sun/nio/fs/WindowsException'{0x00000000ead94a20}> (0x00000000ead94a20) 
thrown [s\src\hotspot\share\prims\jni.cpp, line 520]
Event: 22.960 Thread 0x00000166e9c259b0 Exception <a 'sun/nio/fs/WindowsException'{0x00000000ead95050}> (0x00000000ead95050) 
thrown [s\src\hotspot\share\prims\jni.cpp, line 520]
Event: 22.962 Thread 0x00000166eff2f100 Exception <a 'java/io/FileNotFoundException'{0x00000000eaf28028}> (0x00000000eaf28028) 
thrown [s\src\hotspot\share\prims\jni.cpp, line 520]
Event: 23.254 Thread 0x00000166eff2f100 Exception <a 'java/lang/IncompatibleClassChangeError'{0x00000000eb1fbba0}: Found class java.lang.Object, but interface was expected> (0x00000000eb1fbba0) 
thrown [s\src\hotspot\share\interpreter\linkResolver.cpp, line 840]

ZGC Phase Switch (0 events):
No events

VM Operations (20 events):
Event: 22.707 Executing VM operation: ParallelGCFailedAllocation (Allocation Failure)
Event: 22.710 Executing VM operation: ParallelGCFailedAllocation (Allocation Failure) done
Event: 22.807 Executing VM operation: ParallelGCFailedAllocation (Allocation Failure)
Event: 22.810 Executing VM operation: ParallelGCFailedAllocation (Allocation Failure) done
Event: 22.921 Executing VM operation: ParallelGCFailedAllocation (Allocation Failure)
Event: 22.927 Executing VM operation: ParallelGCFailedAllocation (Allocation Failure) done
Event: 22.950 Executing VM operation: HandshakeAllThreads (Deoptimize)
Event: 22.950 Executing VM operation: HandshakeAllThreads (Deoptimize) done
Event: 23.057 Executing VM operation: ParallelGCFailedAllocation (Allocation Failure)
Event: 23.061 Executing VM operation: ParallelGCFailedAllocation (Allocation Failure) done
Event: 23.190 Executing VM operation: ParallelGCFailedAllocation (Allocation Failure)
Event: 23.194 Executing VM operation: ParallelGCFailedAllocation (Allocation Failure) done
Event: 23.335 Executing VM operation: ParallelGCFailedAllocation (Allocation Failure)
Event: 23.340 Executing VM operation: ParallelGCFailedAllocation (Allocation Failure) done
Event: 23.530 Executing VM operation: ParallelGCFailedAllocation (Allocation Failure)
Event: 23.538 Executing VM operation: ParallelGCFailedAllocation (Allocation Failure) done
Event: 23.914 Executing VM operation: ParallelGCFailedAllocation (Allocation Failure)
Event: 23.921 Executing VM operation: ParallelGCFailedAllocation (Allocation Failure) done
Event: 24.086 Executing VM operation: ParallelGCFailedAllocation (Allocation Failure)
Event: 24.090 Executing VM operation: ParallelGCFailedAllocation (Allocation Failure) done

Memory protections (0 events):
No events

Nmethod flushes (20 events):
Event: 20.211 Thread 0x00000166a75e4260 flushing  nmethod 0x000001669698e110
Event: 20.211 Thread 0x00000166a75e4260 flushing  nmethod 0x0000016696991410
Event: 20.211 Thread 0x00000166a75e4260 flushing  nmethod 0x00000166969b7310
Event: 20.211 Thread 0x00000166a75e4260 flushing  nmethod 0x0000016696a15910
Event: 20.211 Thread 0x00000166a75e4260 flushing  nmethod 0x0000016696a33410
Event: 20.211 Thread 0x00000166a75e4260 flushing  nmethod 0x0000016696a37990
Event: 20.211 Thread 0x00000166a75e4260 flushing  nmethod 0x0000016696a5fc10
Event: 20.211 Thread 0x00000166a75e4260 flushing  nmethod 0x0000016696a64d90
Event: 20.211 Thread 0x00000166a75e4260 flushing  nmethod 0x0000016696a66210
Event: 20.211 Thread 0x00000166a75e4260 flushing  nmethod 0x0000016696a66b10
Event: 20.211 Thread 0x00000166a75e4260 flushing  nmethod 0x0000016696a67d10
Event: 20.211 Thread 0x00000166a75e4260 flushing  nmethod 0x0000016696a6dd90
Event: 20.211 Thread 0x00000166a75e4260 flushing  nmethod 0x0000016696a6f490
Event: 20.211 Thread 0x00000166a75e4260 flushing  nmethod 0x0000016696ab4d10
Event: 20.211 Thread 0x00000166a75e4260 flushing  nmethod 0x0000016696abd310
Event: 20.211 Thread 0x00000166a75e4260 flushing  nmethod 0x0000016696ac1910
Event: 20.211 Thread 0x00000166a75e4260 flushing  nmethod 0x0000016696ac9010
Event: 20.211 Thread 0x00000166a75e4260 flushing  nmethod 0x0000016696b57390
Event: 20.211 Thread 0x00000166a75e4260 flushing  nmethod 0x0000016696b6b410
Event: 20.211 Thread 0x00000166a75e4260 flushing  nmethod 0x0000016696b6b890

Events (20 events):
Event: 20.075 Thread 0x00000166e9c23250 Thread added: 0x00000166e9c26040
Event: 20.128 Thread 0x00000166e9c26040 Thread added: 0x00000166eff2fe20
Event: 20.158 Thread 0x0000016693219c70 Thread added: 0x00000166eff2d6c0
Event: 20.160 Thread 0x0000016693219c70 Thread added: 0x00000166eff304b0
Event: 20.161 Thread 0x0000016693219c70 Thread added: 0x00000166eff2ea70
Event: 20.163 Thread 0x0000016693219c70 Thread added: 0x00000166eff2bc80
Event: 20.165 Thread 0x0000016693219c70 Thread added: 0x00000166eff31ef0
Event: 20.167 Thread 0x0000016693219c70 Thread added: 0x00000166eff2af60
Event: 20.169 Thread 0x0000016693219c70 Thread added: 0x00000166eff2b5f0
Event: 20.171 Thread 0x0000016693219c70 Thread added: 0x00000166eff2f790
Event: 20.176 Thread 0x0000016693219c70 Thread added: 0x00000166eff2dd50
Event: 20.178 Thread 0x0000016693219c70 Thread added: 0x00000166eff30b40
Event: 20.180 Thread 0x0000016693219c70 Thread added: 0x00000166eff311d0
Event: 20.182 Thread 0x0000016693219c70 Thread added: 0x00000166eff31860
Event: 20.184 Thread 0x0000016693219c70 Thread added: 0x00000166eff32580
Event: 20.246 Thread 0x0000016693219c70 Thread added: 0x00000166eff2c310
Event: 20.435 Thread 0x0000016693219c70 Thread added: 0x00000166eff2c9a0
Event: 20.437 Thread 0x0000016693219c70 Thread added: 0x00000166eff2f100
Event: 21.192 Thread 0x00000166eff2fe20 Thread added: 0x00000166eff2d030
Event: 23.769 Thread 0x00000166e9c23f70 Thread exited: 0x00000166e9c23f70


Dynamic libraries:
0x00007ff76c540000 - 0x00007ff76c54e000 	c:\Users\miguel\.vscode\extensions\redhat.java-1.42.0-win32-x64\jre\21.0.7-win32-x86_64\bin\java.exe
0x00007ff98ef70000 - 0x00007ff98f187000 	C:\WINDOWS\SYSTEM32\ntdll.dll
0x00007ff958dc0000 - 0x00007ff958ddb000 	C:\Program Files\AVG\Antivirus\aswhook.dll
0x00007ff98dd70000 - 0x00007ff98de34000 	C:\WINDOWS\System32\KERNEL32.DLL
0x00007ff98c820000 - 0x00007ff98cbf2000 	C:\WINDOWS\System32\KERNELBASE.dll
0x00007ff98c330000 - 0x00007ff98c441000 	C:\WINDOWS\System32\ucrtbase.dll
0x00007ff978a00000 - 0x00007ff978a1e000 	c:\Users\miguel\.vscode\extensions\redhat.java-1.42.0-win32-x64\jre\21.0.7-win32-x86_64\bin\VCRUNTIME140.dll
0x00007ff978aa0000 - 0x00007ff978ab8000 	c:\Users\miguel\.vscode\extensions\redhat.java-1.42.0-win32-x64\jre\21.0.7-win32-x86_64\bin\jli.dll
0x00007ff98ecf0000 - 0x00007ff98eea1000 	C:\WINDOWS\System32\USER32.dll
0x00007ff98c630000 - 0x00007ff98c656000 	C:\WINDOWS\System32\win32u.dll
0x00007ff97c640000 - 0x00007ff97c8db000 	C:\WINDOWS\WinSxS\amd64_microsoft.windows.common-controls_6595b64144ccf1df_6.0.22621.5413_none_270da5617387a498\COMCTL32.dll
0x00007ff98e690000 - 0x00007ff98e6b9000 	C:\WINDOWS\System32\GDI32.dll
0x00007ff98c060000 - 0x00007ff98c183000 	C:\WINDOWS\System32\gdi32full.dll
0x00007ff98c590000 - 0x00007ff98c62a000 	C:\WINDOWS\System32\msvcp_win.dll
0x00007ff98de40000 - 0x00007ff98dee7000 	C:\WINDOWS\System32\msvcrt.dll
0x00007ff98e650000 - 0x00007ff98e681000 	C:\WINDOWS\System32\IMM32.DLL
0x00007ff97b380000 - 0x00007ff97b38c000 	c:\Users\miguel\.vscode\extensions\redhat.java-1.42.0-win32-x64\jre\21.0.7-win32-x86_64\bin\vcruntime140_1.dll
0x00007ff919ff0000 - 0x00007ff91a07d000 	c:\Users\miguel\.vscode\extensions\redhat.java-1.42.0-win32-x64\jre\21.0.7-win32-x86_64\bin\msvcp140.dll
0x00007ff8d3000000 - 0x00007ff8d3d90000 	c:\Users\miguel\.vscode\extensions\redhat.java-1.42.0-win32-x64\jre\21.0.7-win32-x86_64\bin\server\jvm.dll
0x00007ff98cc00000 - 0x00007ff98ccb1000 	C:\WINDOWS\System32\ADVAPI32.dll
0x00007ff98def0000 - 0x00007ff98df98000 	C:\WINDOWS\System32\sechost.dll
0x00007ff98c300000 - 0x00007ff98c328000 	C:\WINDOWS\System32\bcrypt.dll
0x00007ff98eb90000 - 0x00007ff98eca4000 	C:\WINDOWS\System32\RPCRT4.dll
0x00007ff98eeb0000 - 0x00007ff98ef21000 	C:\WINDOWS\System32\WS2_32.dll
0x00007ff98bf30000 - 0x00007ff98bf7d000 	C:\WINDOWS\SYSTEM32\POWRPROF.dll
0x00007ff984ea0000 - 0x00007ff984ed4000 	C:\WINDOWS\SYSTEM32\WINMM.dll
0x00007ff984b70000 - 0x00007ff984b7a000 	C:\WINDOWS\SYSTEM32\VERSION.dll
0x00007ff98bf10000 - 0x00007ff98bf23000 	C:\WINDOWS\SYSTEM32\UMPDC.dll
0x00007ff98b060000 - 0x00007ff98b078000 	C:\WINDOWS\SYSTEM32\kernel.appcore.dll
0x00007ff97afb0000 - 0x00007ff97afba000 	c:\Users\miguel\.vscode\extensions\redhat.java-1.42.0-win32-x64\jre\21.0.7-win32-x86_64\bin\jimage.dll
0x00007ff983d00000 - 0x00007ff983f32000 	C:\WINDOWS\SYSTEM32\DBGHELP.DLL
0x00007ff98ce60000 - 0x00007ff98d1f3000 	C:\WINDOWS\System32\combase.dll
0x00007ff98e570000 - 0x00007ff98e647000 	C:\WINDOWS\System32\OLEAUT32.dll
0x00007ff97adf0000 - 0x00007ff97ae22000 	C:\WINDOWS\SYSTEM32\dbgcore.DLL
0x00007ff98c450000 - 0x00007ff98c4cb000 	C:\WINDOWS\System32\bcryptPrimitives.dll
0x00007ff970720000 - 0x00007ff97072f000 	c:\Users\miguel\.vscode\extensions\redhat.java-1.42.0-win32-x64\jre\21.0.7-win32-x86_64\bin\instrument.dll
0x00007ff977f90000 - 0x00007ff977faf000 	c:\Users\miguel\.vscode\extensions\redhat.java-1.42.0-win32-x64\jre\21.0.7-win32-x86_64\bin\java.dll
0x00007ff98d2b0000 - 0x00007ff98db52000 	C:\WINDOWS\System32\SHELL32.dll
0x00007ff98c660000 - 0x00007ff98c79f000 	C:\WINDOWS\System32\wintypes.dll
0x00007ff989f40000 - 0x00007ff98a85d000 	C:\WINDOWS\SYSTEM32\windows.storage.dll
0x00007ff98db60000 - 0x00007ff98dc6b000 	C:\WINDOWS\System32\SHCORE.dll
0x00007ff98ccc0000 - 0x00007ff98cd29000 	C:\WINDOWS\System32\shlwapi.dll
0x00007ff98bf90000 - 0x00007ff98bfbb000 	C:\WINDOWS\SYSTEM32\profapi.dll
0x00007ff970480000 - 0x00007ff970498000 	c:\Users\miguel\.vscode\extensions\redhat.java-1.42.0-win32-x64\jre\21.0.7-win32-x86_64\bin\zip.dll
0x00007ff978a90000 - 0x00007ff978aa0000 	C:\Users\miguel\.vscode\extensions\redhat.java-1.42.0-win32-x64\jre\21.0.7-win32-x86_64\bin\net.dll
0x00007ff984970000 - 0x00007ff984a9c000 	C:\WINDOWS\SYSTEM32\WINHTTP.dll
0x00007ff98b4f0000 - 0x00007ff98b559000 	C:\WINDOWS\system32\mswsock.dll
0x00007ff970060000 - 0x00007ff970076000 	C:\Users\miguel\.vscode\extensions\redhat.java-1.42.0-win32-x64\jre\21.0.7-win32-x86_64\bin\nio.dll
0x00007ff96f7f0000 - 0x00007ff96f800000 	c:\Users\miguel\.vscode\extensions\redhat.java-1.42.0-win32-x64\jre\21.0.7-win32-x86_64\bin\verify.dll
0x00007ff901d00000 - 0x00007ff901d45000 	C:\Users\miguel\AppData\Roaming\Code\User\globalStorage\redhat.java\1.42.0\config_win\org.eclipse.equinox.launcher\org.eclipse.equinox.launcher.win32.win32.x86_64_1.2.1300.v20250331-1702\eclipse_11911.dll
0x00007ff98e3d0000 - 0x00007ff98e570000 	C:\WINDOWS\System32\ole32.dll
0x00007ff98b760000 - 0x00007ff98b77b000 	C:\WINDOWS\SYSTEM32\CRYPTSP.dll
0x00007ff98afc0000 - 0x00007ff98aff7000 	C:\WINDOWS\system32\rsaenh.dll
0x00007ff98b600000 - 0x00007ff98b628000 	C:\WINDOWS\SYSTEM32\USERENV.dll
0x00007ff98b780000 - 0x00007ff98b78c000 	C:\WINDOWS\SYSTEM32\CRYPTBASE.dll
0x00007ff98aac0000 - 0x00007ff98aaed000 	C:\WINDOWS\SYSTEM32\IPHLPAPI.DLL
0x00007ff98ecc0000 - 0x00007ff98ecc9000 	C:\WINDOWS\System32\NSI.dll
0x00007ff926fd0000 - 0x00007ff927019000 	C:\Users\miguel\AppData\Local\Temp\jna--1074235983\jna10370666686707273154.dll
0x00007ff98e3c0000 - 0x00007ff98e3c8000 	C:\WINDOWS\System32\PSAPI.DLL
0x00007ff984ba0000 - 0x00007ff984bb9000 	C:\WINDOWS\SYSTEM32\dhcpcsvc6.DLL
0x00007ff984b80000 - 0x00007ff984b9f000 	C:\WINDOWS\SYSTEM32\dhcpcsvc.DLL

dbghelp: loaded successfully - version: 4.0.5 - missing functions: none
symbol engine: initialized successfully - sym options: 0x614 - pdb path: .;c:\Users\miguel\.vscode\extensions\redhat.java-1.42.0-win32-x64\jre\21.0.7-win32-x86_64\bin;C:\WINDOWS\SYSTEM32;C:\Program Files\AVG\Antivirus;C:\WINDOWS\WinSxS\amd64_microsoft.windows.common-controls_6595b64144ccf1df_6.0.22621.5413_none_270da5617387a498;c:\Users\miguel\.vscode\extensions\redhat.java-1.42.0-win32-x64\jre\21.0.7-win32-x86_64\bin\server;C:\Users\miguel\AppData\Roaming\Code\User\globalStorage\redhat.java\1.42.0\config_win\org.eclipse.equinox.launcher\org.eclipse.equinox.launcher.win32.win32.x86_64_1.2.1300.v20250331-1702;C:\Users\miguel\AppData\Local\Temp\jna--1074235983

VM Arguments:
jvm_args: --add-modules=ALL-SYSTEM --add-opens=java.base/java.util=ALL-UNNAMED --add-opens=java.base/java.lang=ALL-UNNAMED --add-opens=java.base/sun.nio.fs=ALL-UNNAMED -Declipse.application=org.eclipse.jdt.ls.core.id1 -Dosgi.bundles.defaultStartLevel=4 -Declipse.product=org.eclipse.jdt.ls.core.product -Djava.import.generatesMetadataFilesAtProjectRoot=false -DDetectVMInstallationsJob.disabled=true -Dfile.encoding=utf8 -XX:+UseParallelGC -XX:GCTimeRatio=4 -XX:AdaptiveSizePolicyWeight=90 -Dsun.zip.disableMemoryMapping=true -Xmx1G -Xms100m -Xlog:disable -javaagent:c:\Users\miguel\.vscode\extensions\redhat.java-1.42.0-win32-x64\lombok\lombok-1.18.36.jar -XX:+HeapDumpOnOutOfMemoryError -XX:HeapDumpPath=c:\Users\miguel\AppData\Roaming\Code\User\workspaceStorage\9fd064cfbecdc862a29664d28eb3d9df\redhat.java -Daether.dependencyCollector.impl=bf 
java_command: c:\Users\miguel\.vscode\extensions\redhat.java-1.42.0-win32-x64\server\plugins\org.eclipse.equinox.launcher_1.7.0.v20250424-1814.jar -configuration c:\Users\miguel\AppData\Roaming\Code\User\globalStorage\redhat.java\1.42.0\config_win -data c:\Users\miguel\AppData\Roaming\Code\User\workspaceStorage\9fd064cfbecdc862a29664d28eb3d9df\redhat.java\jdt_ws --pipe=\\.\pipe\lsp-deaedeaf722c479ee1bed240b3e6cdac-sock
java_class_path (initial): c:\Users\miguel\.vscode\extensions\redhat.java-1.42.0-win32-x64\server\plugins\org.eclipse.equinox.launcher_1.7.0.v20250424-1814.jar
Launcher Type: SUN_STANDARD

[Global flags]
    uintx AdaptiveSizePolicyWeight                 = 90                                        {product} {command line}
     intx CICompilerCount                          = 4                                         {product} {ergonomic}
    uintx GCTimeRatio                              = 4                                         {product} {command line}
     bool HeapDumpOnOutOfMemoryError               = true                                   {manageable} {command line}
    ccstr HeapDumpPath                             = c:\Users\miguel\AppData\Roaming\Code\User\workspaceStorage\9fd064cfbecdc862a29664d28eb3d9df\redhat.java         {manageable} {command line}
   size_t InitialHeapSize                          = 104857600                                 {product} {command line}
   size_t MaxHeapSize                              = 1073741824                                {product} {command line}
   size_t MaxNewSize                               = 357564416                                 {product} {ergonomic}
   size_t MinHeapDeltaBytes                        = 524288                                    {product} {ergonomic}
   size_t MinHeapSize                              = 104857600                                 {product} {command line}
   size_t NewSize                                  = 34603008                                  {product} {ergonomic}
    uintx NonNMethodCodeHeapSize                   = 5839372                                {pd product} {ergonomic}
    uintx NonProfiledCodeHeapSize                  = 122909434                              {pd product} {ergonomic}
   size_t OldSize                                  = 70254592                                  {product} {ergonomic}
    uintx ProfiledCodeHeapSize                     = 122909434                              {pd product} {ergonomic}
    uintx ReservedCodeCacheSize                    = 251658240                              {pd product} {ergonomic}
     bool SegmentedCodeCache                       = true                                      {product} {ergonomic}
   size_t SoftMaxHeapSize                          = 1073741824                             {manageable} {ergonomic}
     bool UseCompressedOops                        = true                           {product lp64_product} {ergonomic}
     bool UseLargePagesIndividualAllocation        = false                                  {pd product} {ergonomic}
     bool UseParallelGC                            = true                                      {product} {command line}

Logging:
Log output configuration:
 #0: stdout all=off uptime,level,tags foldmultilines=false
 #1: stderr all=off uptime,level,tags foldmultilines=false

Environment Variables:
JAVA_HOME=C:\Program Files\Java\jdk-1.8
PATH=%SystemRoot%\system32;%SystemRoot%;%SystemRoot%\System32\Wbem;%SYSTEMROOT%\System32\WindowsPowerShell\v1.0\;C:\hadoop\hive;C:\Program Files\Common Files\Oracle\Java\javapath;C:\spark\bin;C:\Program Files (x86)\Thonny\Scripts;C:\Program Files (x86)\Thonny;C:\laragon\bin\php\php-8.1.10-Win32-vs16-x64;C:\Program Files (x86)\Common Files\Oracle\Java\java8path;C:\Program Files\Microsoft MPI\Bin\;C:\Program Files\Python310\Scripts\;C:\Program Files\Python310\;C:\Windows\system32\OpenSSH\;C:\Program Files\Microsoft SQL Server\Client SDK\ODBC\170\Tools\Binn\;C:\Program Files\Microsoft SQL Server\130\Tools\Binn\;C:\Program Files (x86)\Microsoft SQL Server\150\DTS\Binn\;C:\Program Files\Microsoft SQL Server\150\DTS\Binn\;C:\Program Files (x86)\Microsoft SQL Server\150\Tools\Binn\;C:\Program Files\Microsoft SQL Server\150\Tools\Binn\;C:\MinGW\bin;C:\ProgramData\chocolatey\bin;C:\Program Files\Git\cmd;C:\Program Files\dotnet\;C:\Program Files\Microsoft VS Code\bin;C:\hadoop\hive;C:\MinGW\bin;C:\Windows\system32\Wbem;C:\Windows;C:\Windows\system32;C:\laragon\bin;C:\laragon\bin\apache\httpd-2.4.54-win64-VS16\bin;C:\laragon\bin\composer;C:\laragon\bin\git\bin;C:\laragon\bin\git\cmd;C:\laragon\bin\git\mingw64\bin;C:\laragon\bin\git\usr\bin;C:\laragon\bin\laragon\utils;C:\laragon\bin\mysql\mysql-8.0.30-winx64\bin;C:\laragon\bin\nginx\nginx-1.22.0;C:\laragon\bin\ngrok;C:\laragon\bin\notepad++;C:\laragon\bin\php\php-8.3.11-Win32-vs16-x64;C:\laragon\bin\python\python-3.10;C:\laragon\bin\python\python-3.10\Scripts;C:\laragon\bin\redis\redis-x64-5.0.14.1;C:\laragon\bin\telnet;C:\laragon\usr\bin;C:\Users\miguel\AppData\Roaming\Composer\vendor\bin;C:\Users\miguel\AppData\Roaming\npm;C:\MinGW\bin;C:\composer;C:\Users\miguel\AppData\Local\Microsoft\WindowsApps;C:\Users\miguel\AppData\Local\GitHubDesktop\bin;C:\Users\miguel\.dotnet\tools;C:\Program Files\MongoDB\Server\6.0\bin;C:\Users\miguel\AppData\Local\Programs\mongosh\;C:\Users\miguel\.dotnet\tools;C:\Program Files\JetBrains\WebStorm 2024.3.5\bin;;C:\Program Files\JetBrains\JetBrains Rider 2024.3.6\bin;;C:\Users\miguel\AppData\Local\nvm;C:\nvm4w\nodejs
USERNAME=miguel
OS=Windows_NT
PROCESSOR_IDENTIFIER=AMD64 Family 23 Model 104 Stepping 1, AuthenticAMD
TMP=C:\Users\miguel\AppData\Local\Temp
TEMP=C:\Users\miguel\AppData\Local\Temp




Periodic native trim disabled

---------------  S Y S T E M  ---------------

OS:
 Windows 11 , 64 bit Build 22621 (10.0.22621.5413)
OS uptime: 1 days 12:30 hours
Hyper-V role detected

CPU: total 12 (initial active 12) (12 cores per cpu, 2 threads per core) family 23 model 104 stepping 1 microcode 0x0, cx8, cmov, fxsr, ht, mmx, 3dnowpref, sse, sse2, sse3, ssse3, sse4a, sse4.1, sse4.2, popcnt, lzcnt, tsc, tscinvbit, avx, avx2, aes, clmul, bmi1, bmi2, adx, sha, fma, vzeroupper, clflush, clflushopt, hv, rdtscp, rdpid, f16c
Processor Information for processor 0
  Max Mhz: 2100, Current Mhz: 2100, Mhz Limit: 2100
Processor Information for processor 1
  Max Mhz: 2100, Current Mhz: 1813, Mhz Limit: 2100
Processor Information for processor 2
  Max Mhz: 2100, Current Mhz: 2100, Mhz Limit: 2100
Processor Information for processor 3
  Max Mhz: 2100, Current Mhz: 2100, Mhz Limit: 2100
Processor Information for processor 4
  Max Mhz: 2100, Current Mhz: 2100, Mhz Limit: 2100
Processor Information for processor 5
  Max Mhz: 2100, Current Mhz: 1813, Mhz Limit: 2100
Processor Information for processor 6
  Max Mhz: 2100, Current Mhz: 2100, Mhz Limit: 2100
Processor Information for processor 7
  Max Mhz: 2100, Current Mhz: 1813, Mhz Limit: 2100
Processor Information for processor 8
  Max Mhz: 2100, Current Mhz: 2100, Mhz Limit: 2100
Processor Information for processor 9
  Max Mhz: 2100, Current Mhz: 2100, Mhz Limit: 2100
Processor Information for processor 10
  Max Mhz: 2100, Current Mhz: 2100, Mhz Limit: 2100
Processor Information for processor 11
  Max Mhz: 2100, Current Mhz: 1813, Mhz Limit: 2100

Memory: 4k page, system-wide physical 5989M (116M free)
TotalPageFile size 24421M (AvailPageFile size 5M)
current process WorkingSet (physical memory assigned to process): 270M, peak: 270M
current process commit charge ("private bytes"): 315M, peak: 316M

vm_info: OpenJDK 64-Bit Server VM (21.0.7+6-LTS) for windows-amd64 JRE (21.0.7+6-LTS), built on 2025-04-15T00:00:00Z by "admin" with MS VC++ 17.7 (VS2022)

END.
